TN:
SF:src/app.controller.ts
FN:6,(anonymous_2)
FN:9,(anonymous_3)
FNF:2
FNH:2
FNDA:1,(anonymous_2)
FNDA:1,(anonymous_3)
DA:1,1
DA:2,1
DA:5,1
DA:6,1
DA:9,1
DA:10,1
LF:6
LH:6
BRDA:6,0,0,1
BRDA:6,0,1,0
BRDA:6,1,0,1
BRDA:6,1,1,1
BRF:4
BRH:3
end_of_record
TN:
SF:src/app.service.ts
FN:5,(anonymous_1)
FNF:1
FNH:1
FNDA:1,(anonymous_1)
DA:1,1
DA:4,1
DA:6,1
LF:3
LH:3
BRF:0
BRH:0
end_of_record
TN:
SF:src/common.ts
FN:30,(anonymous_1)
FN:72,(anonymous_2)
FN:91,(anonymous_3)
FN:95,(anonymous_4)
FN:107,(anonymous_5)
FN:122,(anonymous_6)
FN:125,(anonymous_7)
FN:129,(anonymous_8)
FN:130,(anonymous_9)
FN:134,(anonymous_10)
FN:143,(anonymous_11)
FN:143,(anonymous_12)
FN:149,(anonymous_13)
FN:154,(anonymous_14)
FN:169,(anonymous_15)
FN:214,(anonymous_16)
FN:228,retryWithBackoff
FN:260,notEmpty
FN:264,(anonymous_19)
FN:279,(anonymous_20)
FN:291,(anonymous_21)
FN:302,filterNonNullValues
FN:306,(anonymous_23)
FN:310,goOneDayBefore
FN:315,goOneDayAhead
FN:320,getStartAndEndDateInUTC
FN:332,getClientStartTimeOfDayInUTC
FN:368,(anonymous_28)
FN:368,(anonymous_29)
FN:370,(anonymous_30)
FN:374,(anonymous_31)
FN:382,(anonymous_32)
FN:389,formatValidationErrors
FN:392,(anonymous_34)
FNF:34
FNH:16
FNDA:3,(anonymous_1)
FNDA:84,(anonymous_2)
FNDA:24,(anonymous_3)
FNDA:13,(anonymous_4)
FNDA:0,(anonymous_5)
FNDA:0,(anonymous_6)
FNDA:13,(anonymous_7)
FNDA:0,(anonymous_8)
FNDA:0,(anonymous_9)
FNDA:0,(anonymous_10)
FNDA:0,(anonymous_11)
FNDA:0,(anonymous_12)
FNDA:0,(anonymous_13)
FNDA:0,(anonymous_14)
FNDA:7,(anonymous_15)
FNDA:1,(anonymous_16)
FNDA:31,retryWithBackoff
FNDA:19,notEmpty
FNDA:9,(anonymous_19)
FNDA:0,(anonymous_20)
FNDA:0,(anonymous_21)
FNDA:0,filterNonNullValues
FNDA:0,(anonymous_23)
FNDA:67,goOneDayBefore
FNDA:2,goOneDayAhead
FNDA:190,getStartAndEndDateInUTC
FNDA:190,getClientStartTimeOfDayInUTC
FNDA:0,(anonymous_28)
FNDA:0,(anonymous_29)
FNDA:2,(anonymous_30)
FNDA:3,(anonymous_31)
FNDA:0,(anonymous_32)
FNDA:0,formatValidationErrors
FNDA:0,(anonymous_34)
DA:1,87
DA:4,87
DA:12,87
DA:15,87
DA:25,87
DA:28,87
DA:30,87
DA:72,87
DA:73,84
DA:91,87
DA:92,24
DA:95,87
DA:101,13
DA:102,13
DA:103,0
DA:106,0
DA:108,0
DA:114,0
DA:115,0
DA:118,0
DA:122,0
DA:125,13
DA:129,87
DA:130,0
DA:131,0
DA:134,87
DA:135,0
DA:138,0
DA:143,87
DA:144,87
DA:149,87
DA:154,0
DA:155,0
DA:156,0
DA:157,0
DA:158,0
DA:164,87
DA:169,87
DA:175,7
DA:176,7
DA:177,21
DA:180,20
DA:181,20
DA:183,1
DA:184,0
DA:187,0
DA:188,0
DA:192,0
DA:194,1
DA:195,1
DA:196,0
DA:200,0
DA:203,0
DA:205,1
DA:208,7
DA:211,7
DA:212,1
DA:214,1
DA:216,1
DA:217,1
DA:219,0
DA:220,0
DA:228,87
DA:241,31
DA:242,36
DA:243,36
DA:244,29
DA:246,7
DA:247,7
DA:248,2
DA:251,7
DA:252,0
DA:255,2
DA:256,1
DA:260,87
DA:261,19
DA:264,87
DA:265,9
DA:267,0
DA:269,0
DA:271,8
DA:273,0
DA:275,1
DA:279,87
DA:280,0
DA:291,87
DA:294,0
DA:302,87
DA:305,0
DA:306,0
DA:310,87
DA:311,67
DA:312,67
DA:315,87
DA:316,2
DA:317,2
DA:320,87
DA:324,190
DA:325,190
DA:326,190
DA:332,87
DA:333,190
DA:335,190
DA:336,190
DA:337,190
DA:339,190
DA:340,190
DA:341,190
DA:342,190
DA:343,8
DA:344,182
DA:345,88
DA:346,88
DA:347,88
DA:352,67
DA:355,94
DA:356,94
DA:357,94
DA:362,2
DA:365,113
DA:368,87
DA:370,87
DA:373,2
DA:374,2
DA:375,3
DA:377,2
DA:382,87
DA:383,0
DA:384,0
DA:385,0
DA:386,0
DA:389,87
DA:390,0
DA:392,0
DA:393,0
DA:396,0
DA:397,0
DA:400,0
LF:138
LH:95
BRDA:32,0,0,0
BRDA:32,0,1,3
BRDA:32,1,0,3
BRDA:32,1,1,3
BRDA:92,2,0,24
BRDA:92,2,1,24
BRDA:102,3,0,0
BRDA:103,4,0,0
BRDA:103,4,1,0
BRDA:114,5,0,0
BRDA:114,5,1,0
BRDA:118,6,0,0
BRDA:156,7,0,0
BRDA:157,8,0,0
BRDA:177,9,0,20
BRDA:183,10,0,0
BRDA:187,11,0,0
BRDA:195,12,0,0
BRDA:195,13,0,1
BRDA:195,13,1,1
BRDA:208,14,0,1
BRDA:208,14,1,6
BRDA:208,15,0,7
BRDA:208,15,1,7
BRDA:216,16,0,1
BRDA:216,16,1,0
BRDA:219,17,0,0
BRDA:247,18,0,2
BRDA:251,19,0,0
BRDA:255,20,0,1
BRDA:261,21,0,19
BRDA:261,21,1,19
BRDA:265,22,0,0
BRDA:265,22,1,0
BRDA:265,22,2,8
BRDA:265,22,3,0
BRDA:265,22,4,1
BRDA:295,23,0,0
BRDA:295,23,1,0
BRDA:295,23,2,0
BRDA:295,23,3,0
BRDA:342,24,0,8
BRDA:342,24,1,182
BRDA:342,25,0,190
BRDA:342,25,1,14
BRDA:344,26,0,88
BRDA:344,26,1,94
BRDA:347,27,0,67
BRDA:348,28,0,88
BRDA:348,28,1,22
BRDA:348,28,2,2
BRDA:357,29,0,2
BRDA:358,30,0,94
BRDA:358,30,1,94
BRDA:358,30,2,3
BRDA:383,31,0,0
BRDA:385,32,0,0
BRDA:393,33,0,0
BRDA:393,33,1,0
BRF:59
BRH:33
end_of_record
TN:
SF:src/existenceStateEnum.ts
FN:1,(anonymous_0)
FNF:1
FNH:1
FNDA:77,(anonymous_0)
DA:1,77
DA:2,77
DA:3,77
DA:4,77
LF:4
LH:4
BRDA:1,0,0,77
BRDA:1,0,1,77
BRF:2
BRH:2
end_of_record
TN:
SF:src/generated-graphql.ts
FN:11,(anonymous_0)
FN:18,(anonymous_1)
FN:24,(anonymous_2)
FN:29,(anonymous_3)
FN:39,(anonymous_4)
FN:44,(anonymous_5)
FN:54,(anonymous_6)
FN:59,(anonymous_7)
FN:67,(anonymous_8)
FN:73,(anonymous_9)
FN:81,(anonymous_10)
FN:88,(anonymous_11)
FN:94,(anonymous_12)
FN:103,(anonymous_13)
FN:112,(anonymous_14)
FN:121,(anonymous_15)
FN:131,(anonymous_16)
FN:136,(anonymous_17)
FN:149,(anonymous_18)
FN:157,(anonymous_19)
FN:163,(anonymous_20)
FN:168,(anonymous_21)
FN:176,(anonymous_22)
FN:182,(anonymous_23)
FN:211,(anonymous_24)
FN:219,(anonymous_25)
FN:231,(anonymous_26)
FN:238,(anonymous_27)
FN:243,(anonymous_28)
FN:254,(anonymous_29)
FN:258,(anonymous_30)
FN:267,(anonymous_31)
FN:273,(anonymous_32)
FN:277,(anonymous_33)
FN:283,(anonymous_34)
FN:289,(anonymous_35)
FN:293,(anonymous_36)
FN:299,(anonymous_37)
FN:305,(anonymous_38)
FN:310,(anonymous_39)
FN:315,(anonymous_40)
FN:327,(anonymous_41)
FN:332,(anonymous_42)
FN:339,(anonymous_43)
FN:343,(anonymous_44)
FN:351,(anonymous_45)
FN:382,(anonymous_46)
FN:387,(anonymous_47)
FNF:48
FNH:48
FNDA:93,(anonymous_0)
FNDA:93,(anonymous_1)
FNDA:93,(anonymous_2)
FNDA:93,(anonymous_3)
FNDA:93,(anonymous_4)
FNDA:93,(anonymous_5)
FNDA:93,(anonymous_6)
FNDA:93,(anonymous_7)
FNDA:93,(anonymous_8)
FNDA:93,(anonymous_9)
FNDA:93,(anonymous_10)
FNDA:93,(anonymous_11)
FNDA:93,(anonymous_12)
FNDA:93,(anonymous_13)
FNDA:93,(anonymous_14)
FNDA:93,(anonymous_15)
FNDA:93,(anonymous_16)
FNDA:93,(anonymous_17)
FNDA:93,(anonymous_18)
FNDA:93,(anonymous_19)
FNDA:93,(anonymous_20)
FNDA:93,(anonymous_21)
FNDA:93,(anonymous_22)
FNDA:93,(anonymous_23)
FNDA:93,(anonymous_24)
FNDA:93,(anonymous_25)
FNDA:93,(anonymous_26)
FNDA:93,(anonymous_27)
FNDA:93,(anonymous_28)
FNDA:93,(anonymous_29)
FNDA:93,(anonymous_30)
FNDA:93,(anonymous_31)
FNDA:93,(anonymous_32)
FNDA:93,(anonymous_33)
FNDA:93,(anonymous_34)
FNDA:93,(anonymous_35)
FNDA:93,(anonymous_36)
FNDA:93,(anonymous_37)
FNDA:93,(anonymous_38)
FNDA:93,(anonymous_39)
FNDA:93,(anonymous_40)
FNDA:93,(anonymous_41)
FNDA:93,(anonymous_42)
FNDA:93,(anonymous_43)
FNDA:93,(anonymous_44)
FNDA:93,(anonymous_45)
FNDA:93,(anonymous_46)
FNDA:93,(anonymous_47)
DA:11,93
DA:12,93
DA:13,93
DA:14,93
DA:15,93
DA:18,93
DA:19,93
DA:20,93
DA:21,93
DA:24,93
DA:25,93
DA:26,93
DA:29,93
DA:30,93
DA:31,93
DA:32,93
DA:33,93
DA:34,93
DA:35,93
DA:36,93
DA:39,93
DA:40,93
DA:41,93
DA:44,93
DA:45,93
DA:46,93
DA:47,93
DA:48,93
DA:49,93
DA:50,93
DA:51,93
DA:54,93
DA:55,93
DA:56,93
DA:59,93
DA:60,93
DA:61,93
DA:62,93
DA:63,93
DA:64,93
DA:67,93
DA:68,93
DA:69,93
DA:70,93
DA:73,93
DA:74,93
DA:75,93
DA:76,93
DA:77,93
DA:78,93
DA:81,93
DA:82,93
DA:83,93
DA:84,93
DA:85,93
DA:88,93
DA:89,93
DA:90,93
DA:91,93
DA:94,93
DA:95,93
DA:96,93
DA:97,93
DA:98,93
DA:99,93
DA:100,93
DA:103,93
DA:104,93
DA:105,93
DA:106,93
DA:107,93
DA:108,93
DA:109,93
DA:112,93
DA:113,93
DA:114,93
DA:115,93
DA:116,93
DA:117,93
DA:118,93
DA:121,93
DA:122,93
DA:123,93
DA:124,93
DA:125,93
DA:126,93
DA:127,93
DA:128,93
DA:131,93
DA:132,93
DA:133,93
DA:136,93
DA:137,93
DA:138,93
DA:139,93
DA:140,93
DA:141,93
DA:142,93
DA:143,93
DA:144,93
DA:145,93
DA:146,93
DA:149,93
DA:150,93
DA:151,93
DA:152,93
DA:153,93
DA:154,93
DA:157,93
DA:158,93
DA:159,93
DA:160,93
DA:163,93
DA:164,93
DA:165,93
DA:168,93
DA:169,93
DA:170,93
DA:171,93
DA:172,93
DA:173,93
DA:176,93
DA:177,93
DA:178,93
DA:179,93
DA:182,93
DA:183,93
DA:184,93
DA:185,93
DA:186,93
DA:187,93
DA:188,93
DA:189,93
DA:190,93
DA:191,93
DA:192,93
DA:193,93
DA:194,93
DA:195,93
DA:196,93
DA:197,93
DA:198,93
DA:199,93
DA:200,93
DA:201,93
DA:202,93
DA:203,93
DA:204,93
DA:205,93
DA:206,93
DA:207,93
DA:208,93
DA:211,93
DA:212,93
DA:213,93
DA:214,93
DA:215,93
DA:216,93
DA:219,93
DA:220,93
DA:221,93
DA:222,93
DA:223,93
DA:224,93
DA:225,93
DA:226,93
DA:227,93
DA:228,93
DA:231,93
DA:232,93
DA:233,93
DA:234,93
DA:235,93
DA:238,93
DA:239,93
DA:240,93
DA:243,93
DA:244,93
DA:245,93
DA:246,93
DA:247,93
DA:248,93
DA:249,93
DA:250,93
DA:251,93
DA:254,93
DA:255,93
DA:258,93
DA:259,93
DA:260,93
DA:261,93
DA:262,93
DA:263,93
DA:264,93
DA:267,93
DA:268,93
DA:269,93
DA:270,93
DA:273,93
DA:274,93
DA:277,93
DA:278,93
DA:279,93
DA:280,93
DA:283,93
DA:284,93
DA:285,93
DA:286,93
DA:289,93
DA:290,93
DA:293,93
DA:294,93
DA:295,93
DA:296,93
DA:299,93
DA:300,93
DA:301,93
DA:302,93
DA:305,93
DA:306,93
DA:307,93
DA:310,93
DA:311,93
DA:312,93
DA:315,93
DA:316,93
DA:317,93
DA:318,93
DA:319,93
DA:320,93
DA:321,93
DA:322,93
DA:323,93
DA:324,93
DA:327,93
DA:328,93
DA:329,93
DA:332,93
DA:333,93
DA:334,93
DA:335,93
DA:336,93
DA:339,93
DA:340,93
DA:343,93
DA:344,93
DA:345,93
DA:346,93
DA:347,93
DA:348,93
DA:351,93
DA:352,93
DA:353,93
DA:354,93
DA:355,93
DA:356,93
DA:357,93
DA:358,93
DA:359,93
DA:360,93
DA:361,93
DA:362,93
DA:363,93
DA:364,93
DA:365,93
DA:366,93
DA:367,93
DA:368,93
DA:369,93
DA:370,93
DA:371,93
DA:372,93
DA:373,93
DA:374,93
DA:375,93
DA:376,93
DA:377,93
DA:378,93
DA:379,93
DA:382,93
DA:383,93
DA:384,93
DA:387,93
DA:388,93
DA:391,93
DA:395,93
DA:399,93
DA:403,93
DA:407,93
DA:411,93
DA:421,93
DA:427,93
DA:433,93
DA:439,93
DA:445,93
DA:452,93
DA:462,93
DA:466,93
DA:470,93
DA:474,93
DA:478,93
DA:482,93
DA:486,93
DA:490,93
DA:500,93
DA:509,93
DA:513,93
DA:518,93
DA:522,93
DA:526,93
DA:530,93
DA:535,93
DA:539,93
DA:543,93
DA:547,93
DA:552,93
DA:556,93
DA:560,93
DA:564,93
DA:570,93
DA:575,93
DA:580,93
DA:585,93
DA:591,93
DA:596,93
DA:603,93
DA:607,93
DA:612,93
DA:617,93
DA:623,93
DA:639,93
DA:647,93
DA:658,93
DA:662,93
DA:666,93
DA:677,93
DA:687,93
DA:691,93
DA:696,93
DA:701,93
DA:706,93
DA:711,93
DA:716,93
DA:722,93
DA:727,93
DA:732,93
DA:737,93
DA:742,93
DA:746,93
DA:750,93
DA:754,93
DA:758,93
DA:762,93
DA:766,93
DA:770,93
DA:774,93
DA:780,93
DA:789,93
DA:796,93
DA:800,93
DA:810,93
DA:820,93
DA:836,93
DA:840,93
DA:844,93
DA:848,93
DA:852,93
DA:856,93
DA:860,93
DA:864,93
DA:868,93
DA:879,93
DA:884,93
DA:893,93
DA:905,93
DA:919,93
DA:923,93
DA:929,93
DA:936,93
DA:941,93
DA:950,93
DA:955,93
DA:959,93
DA:964,93
DA:968,93
DA:974,93
DA:978,93
DA:982,93
DA:987,93
DA:992,93
DA:997,93
DA:1002,93
DA:1014,93
DA:1027,93
DA:1031,93
DA:1037,93
DA:1041,93
DA:1046,93
DA:1050,93
DA:1055,93
DA:1059,93
DA:1064,93
DA:1068,93
DA:1075,93
DA:1079,93
DA:1083,93
DA:1088,93
DA:1094,93
DA:1099,93
DA:1104,93
DA:1157,93
DA:1162,93
DA:1167,93
DA:1172,93
DA:1177,93
DA:1185,93
DA:1190,93
DA:1197,93
DA:1204,93
DA:1212,93
DA:1219,93
DA:1225,93
DA:1231,93
DA:1242,93
DA:1260,93
DA:1265,93
DA:1271,93
DA:1277,93
DA:1283,93
DA:1289,93
DA:1295,93
DA:1301,93
DA:1307,93
DA:1313,93
DA:1319,93
DA:1325,93
DA:1331,93
DA:1337,93
DA:1348,93
DA:1355,93
DA:1360,93
DA:1366,93
DA:1371,93
DA:1377,93
DA:1383,93
DA:1389,93
DA:1395,93
DA:1405,93
DA:1411,93
DA:1416,93
DA:1422,93
DA:1428,93
DA:1434,93
DA:1478,93
DA:1487,93
DA:1492,93
DA:1498,93
DA:1506,93
DA:1512,93
DA:1518,93
DA:1524,93
DA:1530,93
DA:1537,93
DA:1549,93
DA:1556,93
DA:1562,93
DA:1567,93
DA:1572,93
DA:1577,93
DA:1582,93
DA:1588,93
DA:1595,93
DA:1606,93
DA:1612,93
DA:1618,93
DA:1626,93
DA:1638,93
DA:1644,93
DA:1651,93
DA:1665,93
DA:1671,93
DA:1677,93
DA:1684,93
DA:1691,93
DA:1697,93
DA:1704,93
DA:1710,93
DA:1717,93
DA:1722,93
DA:1729,93
DA:1737,93
DA:1742,93
DA:1748,93
DA:1754,93
DA:1760,93
DA:1766,93
DA:1774,93
DA:1807,93
DA:1815,93
DA:1828,93
DA:1835,93
DA:1842,93
DA:1849,93
DA:1878,93
DA:1909,93
DA:1940,93
DA:1946,93
DA:1951,93
DA:1956,93
DA:1961,93
DA:1966,93
DA:1971,93
DA:1976,93
DA:1981,93
DA:1986,93
DA:1992,93
DA:1999,93
DA:2004,93
DA:2010,93
DA:2026,93
DA:2032,93
DA:2038,93
DA:2043,93
DA:2048,93
DA:2053,93
DA:2059,93
DA:2064,93
DA:2069,93
DA:2075,93
DA:2082,93
DA:2088,93
DA:2094,93
DA:2100,93
DA:2105,93
DA:2110,93
DA:2116,93
DA:2121,93
DA:2130,93
DA:2136,93
DA:2142,93
DA:2147,93
DA:2153,93
DA:2160,93
DA:2169,93
DA:2175,93
DA:2181,93
DA:2188,93
DA:2194,93
DA:2200,93
DA:2206,93
DA:2214,93
DA:2220,93
DA:2226,93
DA:2256,93
DA:2262,93
DA:2268,93
DA:2273,93
DA:2278,93
DA:2284,93
DA:2294,93
DA:2304,93
DA:2309,93
DA:2314,93
DA:2319,93
DA:2325,93
DA:2332,93
DA:2342,93
DA:2348,93
DA:2354,93
DA:2362,93
DA:2368,93
DA:2374,93
DA:2382,93
DA:2390,93
DA:2395,93
DA:2400,93
DA:2406,93
DA:2411,93
DA:2416,93
DA:2421,93
DA:2428,93
DA:2434,93
DA:2440,93
DA:2512,93
DA:2517,93
DA:2522,93
DA:2527,93
DA:2532,93
DA:2537,93
DA:2543,93
DA:2549,93
DA:2556,93
DA:2562,93
DA:2567,93
DA:2572,93
DA:2578,93
DA:2583,93
DA:2588,93
DA:2593,93
DA:2598,93
DA:2603,93
DA:2610,93
DA:2615,93
DA:2620,93
DA:2625,93
DA:2630,93
DA:2635,93
DA:2640,93
DA:2645,93
DA:2652,93
DA:2659,93
DA:2666,93
DA:2671,93
DA:2676,93
DA:2682,93
DA:2688,93
DA:2693,93
DA:2698,93
DA:2703,93
DA:2708,93
DA:2713,93
DA:2718,93
DA:2724,93
DA:2730,93
DA:2735,93
DA:2741,93
DA:2747,93
DA:2753,93
DA:2759,93
DA:2766,93
DA:2771,93
DA:2777,93
DA:2782,93
DA:2788,93
DA:2793,93
DA:2798,93
DA:2803,93
DA:2808,93
DA:2813,93
DA:2818,93
DA:2824,93
DA:2829,93
DA:2834,93
DA:2992,93
DA:2997,93
LF:645
LH:645
BRDA:11,0,0,93
BRDA:11,0,1,93
BRDA:18,1,0,93
BRDA:18,1,1,93
BRDA:24,2,0,93
BRDA:24,2,1,93
BRDA:29,3,0,93
BRDA:29,3,1,93
BRDA:39,4,0,93
BRDA:39,4,1,93
BRDA:44,5,0,93
BRDA:44,5,1,93
BRDA:54,6,0,93
BRDA:54,6,1,93
BRDA:59,7,0,93
BRDA:59,7,1,93
BRDA:67,8,0,93
BRDA:67,8,1,93
BRDA:73,9,0,93
BRDA:73,9,1,93
BRDA:81,10,0,93
BRDA:81,10,1,93
BRDA:88,11,0,93
BRDA:88,11,1,93
BRDA:94,12,0,93
BRDA:94,12,1,93
BRDA:103,13,0,93
BRDA:103,13,1,93
BRDA:112,14,0,93
BRDA:112,14,1,93
BRDA:121,15,0,93
BRDA:121,15,1,93
BRDA:131,16,0,93
BRDA:131,16,1,93
BRDA:136,17,0,93
BRDA:136,17,1,93
BRDA:149,18,0,93
BRDA:149,18,1,93
BRDA:157,19,0,93
BRDA:157,19,1,93
BRDA:163,20,0,93
BRDA:163,20,1,93
BRDA:168,21,0,93
BRDA:168,21,1,93
BRDA:176,22,0,93
BRDA:176,22,1,93
BRDA:182,23,0,93
BRDA:182,23,1,93
BRDA:211,24,0,93
BRDA:211,24,1,93
BRDA:219,25,0,93
BRDA:219,25,1,93
BRDA:231,26,0,93
BRDA:231,26,1,93
BRDA:238,27,0,93
BRDA:238,27,1,93
BRDA:243,28,0,93
BRDA:243,28,1,93
BRDA:254,29,0,93
BRDA:254,29,1,93
BRDA:258,30,0,93
BRDA:258,30,1,93
BRDA:267,31,0,93
BRDA:267,31,1,93
BRDA:273,32,0,93
BRDA:273,32,1,93
BRDA:277,33,0,93
BRDA:277,33,1,93
BRDA:283,34,0,93
BRDA:283,34,1,93
BRDA:289,35,0,93
BRDA:289,35,1,93
BRDA:293,36,0,93
BRDA:293,36,1,93
BRDA:299,37,0,93
BRDA:299,37,1,93
BRDA:305,38,0,93
BRDA:305,38,1,93
BRDA:310,39,0,93
BRDA:310,39,1,93
BRDA:315,40,0,93
BRDA:315,40,1,93
BRDA:327,41,0,93
BRDA:327,41,1,93
BRDA:332,42,0,93
BRDA:332,42,1,93
BRDA:339,43,0,93
BRDA:339,43,1,93
BRDA:343,44,0,93
BRDA:343,44,1,93
BRDA:351,45,0,93
BRDA:351,45,1,93
BRDA:382,46,0,93
BRDA:382,46,1,93
BRDA:387,47,0,93
BRDA:387,47,1,93
BRF:96
BRH:96
end_of_record
TN:
SF:src/graphql.ts
FN:141,(anonymous_2)
FN:142,(anonymous_3)
FN:143,(anonymous_4)
FN:144,(anonymous_5)
FN:145,(anonymous_6)
FN:146,(anonymous_7)
FN:147,(anonymous_8)
FN:148,(anonymous_9)
FN:149,(anonymous_10)
FN:150,(anonymous_11)
FN:151,(anonymous_12)
FN:199,(anonymous_13)
FN:202,(anonymous_14)
FN:347,(anonymous_15)
FNF:14
FNH:4
FNDA:0,(anonymous_2)
FNDA:5,(anonymous_3)
FNDA:0,(anonymous_4)
FNDA:0,(anonymous_5)
FNDA:5,(anonymous_6)
FNDA:0,(anonymous_7)
FNDA:303,(anonymous_8)
FNDA:0,(anonymous_9)
FNDA:0,(anonymous_10)
FNDA:0,(anonymous_11)
FNDA:0,(anonymous_12)
FNDA:0,(anonymous_13)
FNDA:0,(anonymous_14)
FNDA:53,(anonymous_15)
DA:4,53
DA:5,53
DA:21,53
DA:141,53
DA:142,58
DA:143,53
DA:144,53
DA:145,58
DA:146,53
DA:147,356
DA:148,53
DA:149,53
DA:150,53
DA:151,53
DA:154,53
DA:156,53
DA:158,53
DA:160,53
DA:162,53
DA:165,53
DA:170,53
DA:172,53
DA:175,53
DA:177,53
DA:180,53
DA:182,53
DA:185,53
DA:189,53
DA:191,53
DA:194,53
DA:198,53
DA:199,0
DA:201,53
DA:202,0
DA:204,53
DA:208,53
DA:210,53
DA:212,53
DA:215,53
DA:217,53
DA:222,53
DA:224,53
DA:226,53
DA:229,53
DA:231,53
DA:233,53
DA:236,53
DA:238,53
DA:240,53
DA:243,53
DA:245,53
DA:251,53
DA:255,53
DA:260,53
DA:265,53
DA:271,53
DA:273,53
DA:281,53
DA:296,53
DA:301,53
DA:306,53
DA:311,53
DA:315,53
DA:317,53
DA:320,53
DA:322,53
DA:325,53
DA:330,53
DA:334,53
DA:336,53
DA:338,53
DA:341,53
DA:345,53
DA:347,53
DA:348,53
DA:349,53
DA:350,53
DA:351,53
DA:352,53
DA:353,53
DA:354,53
DA:357,53
DA:359,53
DA:361,53
DA:364,53
DA:370,53
DA:372,53
DA:374,53
DA:377,53
DA:379,53
DA:382,53
DA:388,53
DA:390,53
DA:395,53
DA:399,53
DA:401,53
DA:403,53
DA:413,53
DA:419,53
DA:437,53
DA:439,53
DA:441,53
DA:444,53
DA:450,53
DA:452,53
DA:455,53
DA:461,53
DA:463,53
DA:465,53
DA:468,53
DA:474,53
DA:476,53
DA:479,53
DA:485,53
DA:489,53
DA:496,53
DA:498,53
DA:501,53
DA:505,53
DA:511,53
DA:513,53
DA:516,53
DA:519,53
DA:521,53
DA:523,53
DA:525,53
DA:533,53
DA:542,53
DA:545,53
DA:548,53
DA:551,53
DA:554,53
DA:558,53
DA:560,53
DA:562,53
DA:565,53
DA:568,53
DA:572,53
DA:575,53
DA:578,53
DA:580,53
DA:583,53
DA:586,53
DA:590,53
DA:592,53
DA:594,53
DA:597,53
DA:599,53
DA:601,53
DA:629,53
DA:634,53
DA:641,53
DA:648,53
DA:655,53
DA:662,53
DA:668,53
DA:674,53
DA:684,53
DA:708,53
DA:713,53
DA:717,53
DA:722,53
DA:726,53
DA:731,53
DA:735,53
DA:740,53
DA:744,53
DA:749,53
DA:772,53
DA:774,53
DA:778,53
DA:783,53
DA:788,53
DA:793,53
DA:798,53
DA:800,53
DA:802,53
DA:808,53
DA:814,53
DA:823,53
DA:833,53
DA:845,53
DA:851,53
DA:857,53
DA:866,53
DA:873,53
DA:893,53
DA:909,53
DA:927,53
DA:946,53
DA:952,53
DA:957,53
DA:962,53
DA:973,53
DA:980,53
DA:982,53
DA:988,53
DA:993,53
DA:999,53
DA:1001,53
DA:1003,53
DA:1005,53
DA:1014,53
DA:1020,53
DA:1027,53
DA:1031,53
DA:1036,53
DA:1038,53
DA:1041,53
DA:1046,53
DA:1051,53
DA:1056,53
DA:1061,53
DA:1066,53
DA:1072,53
DA:1074,53
DA:1077,53
DA:1156,53
DA:1161,53
DA:1170,53
DA:1186,53
DA:1189,53
DA:1193,53
DA:1196,53
DA:1199,53
DA:1202,53
LF:226
LH:224
BRDA:156,0,0,0
BRDA:156,0,1,53
BRDA:156,1,0,53
BRDA:156,1,1,53
BRDA:158,2,0,0
BRDA:158,2,1,53
BRDA:158,3,0,53
BRDA:158,3,1,53
BRDA:212,4,0,0
BRDA:212,4,1,53
BRDA:212,5,0,53
BRDA:212,5,1,53
BRDA:338,6,0,0
BRDA:338,6,1,53
BRDA:338,7,0,53
BRDA:338,7,1,53
BRDA:347,8,0,53
BRDA:347,8,1,53
BRDA:374,9,0,0
BRDA:374,9,1,53
BRDA:374,10,0,53
BRDA:374,10,1,53
BRDA:580,11,0,0
BRDA:580,11,1,53
BRDA:580,12,0,53
BRDA:580,12,1,53
BRDA:1003,13,0,0
BRDA:1003,13,1,53
BRDA:1003,14,0,53
BRDA:1003,14,1,53
BRDA:1005,15,0,0
BRDA:1005,15,1,53
BRDA:1005,16,0,53
BRDA:1005,16,1,53
BRDA:1031,17,0,0
BRDA:1031,17,1,53
BRDA:1031,18,0,53
BRDA:1031,18,1,53
BRF:38
BRH:29
end_of_record
TN:
SF:src/winstonBeanstalk.module.ts
FN:13,createWinstonTransports
FN:53,(anonymous_7)
FN:76,(anonymous_8)
FN:86,getLogger
FN:100,(anonymous_10)
FN:101,(anonymous_11)
FNF:6
FNH:5
FNDA:1013,createWinstonTransports
FNDA:112,(anonymous_7)
FNDA:1472,(anonymous_8)
FNDA:1278,getLogger
FNDA:0,(anonymous_10)
FNDA:890,(anonymous_11)
DA:2,123
DA:3,123
DA:5,123
DA:6,123
DA:14,1013
DA:20,1013
DA:26,1013
DA:27,1013
DA:31,1013
DA:35,1013
DA:36,0
DA:44,1013
DA:45,1013
DA:49,1013
DA:53,123
DA:54,112
DA:55,50
DA:57,23
DA:60,23
DA:68,27
DA:73,62
DA:76,123
DA:77,1472
DA:78,89
DA:83,1383
DA:86,123
DA:87,1278
DA:88,123
DA:93,123
DA:95,1155
DA:98,123
DA:102,890
LF:32
LH:31
BRDA:29,0,0,1013
BRDA:29,0,1,0
BRDA:29,1,0,1013
BRDA:29,1,1,1013
BRDA:33,2,0,1013
BRDA:33,2,1,0
BRDA:33,3,0,1013
BRDA:33,3,1,1013
BRDA:35,4,0,0
BRDA:35,5,0,1013
BRDA:35,5,1,1013
BRDA:38,6,0,0
BRDA:38,6,1,0
BRDA:38,7,0,0
BRDA:38,7,1,0
BRDA:44,8,0,1013
BRDA:46,9,0,0
BRDA:46,9,1,1013
BRDA:54,10,0,50
BRDA:55,11,0,23
BRDA:57,12,0,5
BRDA:57,12,1,18
BRDA:57,13,0,0
BRDA:57,13,1,23
BRDA:57,14,0,23
BRDA:57,14,1,23
BRDA:77,15,0,89
BRDA:87,16,0,123
BRF:28
BRH:19
end_of_record
TN:
SF:src/access-control/access-control.service.ts
FN:63,pluralize
FN:76,(anonymous_5)
FN:89,(anonymous_6)
FN:100,(anonymous_7)
FN:108,(anonymous_8)
FN:218,(anonymous_9)
FN:333,(anonymous_10)
FN:425,(anonymous_11)
FN:461,(anonymous_12)
FN:634,(anonymous_13)
FN:692,(anonymous_14)
FN:776,(anonymous_15)
FN:811,(anonymous_16)
FN:828,(anonymous_17)
FNF:14
FNH:10
FNDA:5,pluralize
FNDA:36,(anonymous_5)
FNDA:4,(anonymous_6)
FNDA:1,(anonymous_7)
FNDA:0,(anonymous_8)
FNDA:7,(anonymous_9)
FNDA:7,(anonymous_10)
FNDA:12,(anonymous_11)
FNDA:14,(anonymous_12)
FNDA:4,(anonymous_13)
FNDA:0,(anonymous_14)
FNDA:1,(anonymous_15)
FNDA:0,(anonymous_16)
FNDA:0,(anonymous_17)
DA:1,26
DA:2,26
DA:12,26
DA:13,26
DA:15,26
DA:26,26
DA:27,26
DA:28,26
DA:29,26
DA:33,26
DA:34,26
DA:35,26
DA:36,26
DA:37,26
DA:38,26
DA:39,26
DA:40,26
DA:41,26
DA:42,26
DA:43,26
DA:45,26
DA:64,5
DA:66,1
DA:68,4
DA:70,0
DA:75,26
DA:78,36
DA:79,36
DA:80,36
DA:81,36
DA:82,36
DA:83,36
DA:84,36
DA:86,36
DA:90,4
DA:92,1
DA:94,1
DA:96,2
DA:101,1
DA:108,26
DA:117,0
DA:123,0
DA:124,0
DA:128,0
DA:130,0
DA:131,0
DA:133,0
DA:135,0
DA:136,0
DA:142,0
DA:143,0
DA:150,0
DA:152,0
DA:153,0
DA:159,0
DA:160,0
DA:167,0
DA:169,0
DA:171,0
DA:172,0
DA:173,0
DA:180,0
DA:181,0
DA:187,0
DA:188,0
DA:192,0
DA:199,0
DA:202,0
DA:206,0
DA:218,26
DA:231,7
DA:232,6
DA:233,0
DA:234,0
DA:236,0
DA:239,6
DA:241,1
DA:243,2
DA:244,1
DA:248,1
DA:252,1
DA:253,1
DA:261,0
DA:263,2
DA:264,1
DA:265,1
DA:269,1
DA:270,1
DA:278,0
DA:281,0
DA:282,0
DA:288,0
DA:290,0
DA:292,0
DA:300,0
DA:302,0
DA:305,0
DA:306,0
DA:307,0
DA:310,0
DA:311,0
DA:320,1
DA:333,26
DA:344,7
DA:345,5
DA:346,4
DA:347,0
DA:348,0
DA:350,0
DA:353,4
DA:355,1
DA:357,1
DA:361,1
DA:362,1
DA:370,0
DA:372,1
DA:376,1
DA:377,1
DA:385,0
DA:388,1
DA:389,1
DA:395,1
DA:397,1
DA:398,0
DA:400,1
DA:408,1
DA:410,0
DA:413,0
DA:422,1
DA:434,12
DA:435,12
DA:443,12
DA:444,3
DA:446,0
DA:480,14
DA:481,14
DA:482,1
DA:488,13
DA:489,1
DA:498,12
DA:509,12
DA:510,1
DA:512,11
DA:513,11
DA:514,2
DA:523,9
DA:524,0
DA:525,0
DA:528,0
DA:531,9
DA:533,1
DA:535,3
DA:536,2
DA:540,2
DA:541,1
DA:550,1
DA:552,4
DA:553,3
DA:557,2
DA:558,1
DA:567,1
DA:570,0
DA:571,0
DA:577,0
DA:579,0
DA:580,0
DA:582,0
DA:590,0
DA:592,0
DA:595,0
DA:597,1
DA:607,0
DA:614,1
DA:646,4
DA:647,4
DA:648,1
DA:654,3
DA:657,3
DA:658,1
DA:666,2
DA:670,1
DA:671,1
DA:676,0
DA:678,1
DA:710,0
DA:717,0
DA:718,0
DA:719,0
DA:725,0
DA:726,0
DA:737,0
DA:738,0
DA:740,0
DA:744,0
DA:745,0
DA:749,0
DA:750,0
DA:752,0
DA:755,0
DA:756,0
DA:762,0
DA:765,0
DA:773,0
DA:787,1
DA:788,1
DA:789,1
DA:790,1
DA:796,0
DA:802,0
DA:808,0
DA:818,0
DA:819,0
DA:820,0
DA:833,0
DA:834,0
DA:839,0
DA:840,0
DA:841,0
DA:847,0
DA:848,0
DA:849,0
DA:855,0
DA:856,0
DA:857,0
DA:863,0
DA:864,0
DA:865,0
DA:874,0
DA:875,0
DA:876,0
DA:883,0
LF:231
LH:118
BRDA:64,0,0,1
BRDA:64,0,1,4
BRDA:64,0,2,0
BRDA:90,1,0,1
BRDA:90,1,1,1
BRDA:90,1,2,2
BRDA:102,2,0,1
BRDA:102,2,1,0
BRDA:123,3,0,0
BRDA:131,4,0,0
BRDA:131,4,1,0
BRDA:131,4,2,0
BRDA:131,4,3,0
BRDA:131,4,4,0
BRDA:131,4,5,0
BRDA:135,5,0,0
BRDA:136,6,0,0
BRDA:136,6,1,0
BRDA:138,7,0,0
BRDA:138,7,1,0
BRDA:138,8,0,0
BRDA:138,8,1,0
BRDA:142,9,0,0
BRDA:152,10,0,0
BRDA:153,11,0,0
BRDA:153,11,1,0
BRDA:159,12,0,0
BRDA:171,13,0,0
BRDA:172,14,0,0
BRDA:187,15,0,0
BRDA:231,16,0,1
BRDA:231,17,0,2
BRDA:231,17,1,5
BRDA:231,18,0,7
BRDA:231,18,1,7
BRDA:232,19,0,0
BRDA:233,20,0,0
BRDA:233,20,1,0
BRDA:239,21,0,1
BRDA:239,21,1,2
BRDA:239,21,2,2
BRDA:239,21,3,0
BRDA:239,21,4,0
BRDA:239,21,5,1
BRDA:243,22,0,1
BRDA:252,23,0,1
BRDA:263,24,0,1
BRDA:269,25,0,1
BRDA:281,26,0,0
BRDA:281,26,1,0
BRDA:281,27,0,0
BRDA:281,27,1,0
BRDA:281,28,0,0
BRDA:281,28,1,0
BRDA:281,29,0,0
BRDA:281,29,1,0
BRDA:281,30,0,0
BRDA:281,30,1,0
BRDA:281,31,0,0
BRDA:281,31,1,0
BRDA:283,32,0,0
BRDA:283,32,1,0
BRDA:283,33,0,0
BRDA:283,33,1,0
BRDA:290,34,0,0
BRDA:300,35,0,0
BRDA:305,36,0,0
BRDA:307,37,0,0
BRDA:310,38,0,0
BRDA:310,39,0,0
BRDA:310,39,1,0
BRDA:310,40,0,0
BRDA:310,40,1,0
BRDA:344,41,0,2
BRDA:345,42,0,1
BRDA:346,43,0,0
BRDA:347,44,0,0
BRDA:347,44,1,0
BRDA:353,45,0,1
BRDA:353,45,1,1
BRDA:353,45,2,1
BRDA:353,45,3,1
BRDA:353,45,4,0
BRDA:361,46,0,1
BRDA:376,47,0,1
BRDA:388,48,0,0
BRDA:388,48,1,1
BRDA:388,49,0,1
BRDA:388,49,1,1
BRDA:388,50,0,0
BRDA:388,50,1,1
BRDA:388,51,0,1
BRDA:388,51,1,1
BRDA:388,52,0,0
BRDA:388,52,1,1
BRDA:388,53,0,1
BRDA:388,53,1,1
BRDA:390,54,0,0
BRDA:390,54,1,1
BRDA:390,55,0,1
BRDA:390,55,1,1
BRDA:397,56,0,0
BRDA:408,57,0,1
BRDA:437,58,0,1
BRDA:437,58,1,11
BRDA:443,59,0,9
BRDA:481,60,0,1
BRDA:488,61,0,1
BRDA:509,62,0,1
BRDA:512,63,0,0
BRDA:513,64,0,2
BRDA:523,65,0,0
BRDA:524,66,0,0
BRDA:524,66,1,0
BRDA:531,67,0,1
BRDA:531,67,1,3
BRDA:531,67,2,4
BRDA:531,67,3,0
BRDA:531,67,4,0
BRDA:531,67,5,1
BRDA:531,67,6,0
BRDA:535,68,0,1
BRDA:540,69,0,1
BRDA:552,70,0,1
BRDA:557,71,0,1
BRDA:570,72,0,0
BRDA:570,72,1,0
BRDA:570,73,0,0
BRDA:570,73,1,0
BRDA:570,74,0,0
BRDA:570,74,1,0
BRDA:570,75,0,0
BRDA:570,75,1,0
BRDA:570,76,0,0
BRDA:570,76,1,0
BRDA:570,77,0,0
BRDA:570,77,1,0
BRDA:572,78,0,0
BRDA:572,78,1,0
BRDA:572,79,0,0
BRDA:572,79,1,0
BRDA:579,80,0,0
BRDA:590,81,0,0
BRDA:621,82,0,0
BRDA:621,82,1,1
BRDA:621,83,0,1
BRDA:621,83,1,1
BRDA:647,84,0,1
BRDA:654,85,0,0
BRDA:654,85,1,3
BRDA:657,86,0,1
BRDA:670,87,0,1
BRDA:683,88,0,0
BRDA:683,88,1,1
BRDA:683,89,0,1
BRDA:683,89,1,1
BRDA:711,90,0,0
BRDA:711,90,1,0
BRDA:711,91,0,0
BRDA:711,91,1,0
BRDA:718,92,0,0
BRDA:725,93,0,0
BRDA:737,94,0,0
BRDA:744,95,0,0
BRDA:749,96,0,0
BRDA:755,97,0,0
BRDA:762,98,0,0
BRDA:788,99,0,1
BRDA:796,100,0,0
BRDA:819,101,0,0
BRDA:839,102,0,0
BRDA:847,103,0,0
BRDA:855,104,0,0
BRDA:863,105,0,0
BRDA:863,106,0,0
BRDA:863,106,1,0
BRDA:863,107,0,0
BRDA:863,107,1,0
BRDA:874,108,0,0
BRDA:874,109,0,0
BRDA:874,109,1,0
BRDA:874,110,0,0
BRDA:874,110,1,0
BRDA:874,111,0,0
BRDA:874,111,1,0
BRDA:874,112,0,0
BRDA:874,112,1,0
BRDA:116,113,0,26
BRDA:116,113,1,0
BRDA:116,114,0,26
BRDA:116,114,1,26
BRDA:343,115,0,26
BRDA:343,115,1,0
BRDA:343,116,0,26
BRDA:343,116,1,26
BRDA:78,117,0,26
BRDA:78,117,1,0
BRDA:78,118,0,26
BRDA:78,118,1,26
BRDA:78,119,0,26
BRDA:78,119,1,0
BRDA:78,120,0,26
BRDA:78,120,1,26
BRDA:79,121,0,26
BRDA:79,121,1,0
BRDA:79,122,0,26
BRDA:79,122,1,26
BRDA:80,123,0,26
BRDA:80,123,1,0
BRDA:80,124,0,26
BRDA:80,124,1,26
BRDA:81,125,0,26
BRDA:81,125,1,0
BRDA:81,126,0,26
BRDA:81,126,1,26
BRDA:82,127,0,26
BRDA:82,127,1,0
BRDA:82,128,0,26
BRDA:82,128,1,26
BRDA:83,129,0,26
BRDA:83,129,1,0
BRDA:83,130,0,26
BRDA:83,130,1,26
BRF:223
BRH:93
end_of_record
TN:
SF:src/activity/activity.service.ts
FN:106,getEntityWithActivityDataFromName
FN:130,(anonymous_5)
FN:148,(anonymous_6)
FN:206,(anonymous_7)
FN:282,(anonymous_8)
FN:352,(anonymous_9)
FN:425,(anonymous_10)
FN:519,(anonymous_11)
FN:541,(anonymous_12)
FN:542,(anonymous_13)
FN:640,(anonymous_14)
FN:739,(anonymous_15)
FN:749,(anonymous_16)
FN:837,(anonymous_17)
FN:910,(anonymous_18)
FN:922,(anonymous_19)
FN:962,(anonymous_20)
FN:1001,(anonymous_21)
FN:1078,(anonymous_22)
FN:1107,(anonymous_23)
FN:1108,(anonymous_24)
FN:1176,(anonymous_25)
FN:1265,(anonymous_26)
FN:1372,(anonymous_27)
FN:1575,(anonymous_28)
FN:1753,(anonymous_29)
FN:1827,(anonymous_30)
FN:1897,(anonymous_31)
FN:1967,(anonymous_32)
FN:1975,(anonymous_33)
FN:2084,(anonymous_34)
FN:2101,(anonymous_35)
FN:2102,(anonymous_36)
FN:2192,(anonymous_37)
FN:2204,(anonymous_38)
FN:2232,(anonymous_39)
FN:2270,(anonymous_40)
FN:2306,(anonymous_41)
FN:2321,(anonymous_42)
FN:2358,(anonymous_43)
FN:2393,(anonymous_44)
FN:2419,(anonymous_45)
FN:2621,(anonymous_46)
FN:2665,(anonymous_47)
FN:2719,(anonymous_48)
FN:2748,(anonymous_49)
FN:2763,(anonymous_50)
FN:2786,(anonymous_51)
FN:2816,(anonymous_52)
FN:2859,(anonymous_53)
FN:2869,(anonymous_54)
FN:2884,(anonymous_55)
FN:2917,(anonymous_56)
FN:2932,(anonymous_57)
FNF:54
FNH:50
FNDA:31,getEntityWithActivityDataFromName
FNDA:1,(anonymous_5)
FNDA:6,(anonymous_6)
FNDA:4,(anonymous_7)
FNDA:1,(anonymous_8)
FNDA:1,(anonymous_9)
FNDA:1,(anonymous_10)
FNDA:5,(anonymous_11)
FNDA:5,(anonymous_12)
FNDA:5,(anonymous_13)
FNDA:1,(anonymous_14)
FNDA:6,(anonymous_15)
FNDA:6,(anonymous_16)
FNDA:1,(anonymous_17)
FNDA:0,(anonymous_18)
FNDA:2,(anonymous_19)
FNDA:0,(anonymous_20)
FNDA:1,(anonymous_21)
FNDA:6,(anonymous_22)
FNDA:4,(anonymous_23)
FNDA:4,(anonymous_24)
FNDA:1,(anonymous_25)
FNDA:1,(anonymous_26)
FNDA:2,(anonymous_27)
FNDA:2,(anonymous_28)
FNDA:1,(anonymous_29)
FNDA:1,(anonymous_30)
FNDA:1,(anonymous_31)
FNDA:4,(anonymous_32)
FNDA:4,(anonymous_33)
FNDA:5,(anonymous_34)
FNDA:5,(anonymous_35)
FNDA:5,(anonymous_36)
FNDA:44,(anonymous_37)
FNDA:42,(anonymous_38)
FNDA:40,(anonymous_39)
FNDA:2,(anonymous_40)
FNDA:31,(anonymous_41)
FNDA:40,(anonymous_42)
FNDA:40,(anonymous_43)
FNDA:80,(anonymous_44)
FNDA:40,(anonymous_45)
FNDA:40,(anonymous_46)
FNDA:4,(anonymous_47)
FNDA:2,(anonymous_48)
FNDA:40,(anonymous_49)
FNDA:39,(anonymous_50)
FNDA:3,(anonymous_51)
FNDA:5,(anonymous_52)
FNDA:31,(anonymous_53)
FNDA:31,(anonymous_54)
FNDA:42,(anonymous_55)
FNDA:0,(anonymous_56)
FNDA:0,(anonymous_57)
DA:2,2
DA:4,2
DA:5,2
DA:6,2
DA:13,2
DA:17,2
DA:18,2
DA:22,2
DA:23,2
DA:24,2
DA:28,2
DA:29,2
DA:30,2
DA:31,2
DA:35,2
DA:42,2
DA:43,2
DA:44,2
DA:46,2
DA:50,2
DA:51,2
DA:52,2
DA:53,2
DA:54,2
DA:55,2
DA:56,2
DA:57,2
DA:67,2
DA:68,2
DA:92,2
DA:93,2
DA:94,2
DA:114,31
DA:116,12
DA:118,8
DA:120,7
DA:122,4
DA:124,0
DA:129,2
DA:133,1
DA:134,1
DA:135,1
DA:136,1
DA:137,1
DA:138,1
DA:139,1
DA:140,1
DA:141,1
DA:142,1
DA:143,1
DA:145,1
DA:154,6
DA:161,6
DA:165,6
DA:166,0
DA:167,0
DA:169,6
DA:170,0
DA:174,0
DA:176,6
DA:177,0
DA:181,0
DA:183,6
DA:185,1
DA:191,1
DA:197,4
DA:203,0
DA:215,4
DA:219,4
DA:225,4
DA:226,4
DA:227,0
DA:228,0
DA:230,4
DA:231,4
DA:233,4
DA:246,4
DA:247,4
DA:253,4
DA:257,4
DA:261,4
DA:262,0
DA:267,4
DA:273,4
DA:274,0
DA:279,4
DA:291,1
DA:296,1
DA:297,1
DA:298,0
DA:299,0
DA:301,1
DA:302,1
DA:304,1
DA:317,1
DA:318,1
DA:324,1
DA:328,1
DA:332,1
DA:333,0
DA:338,1
DA:344,1
DA:345,0
DA:361,1
DA:366,1
DA:367,1
DA:368,0
DA:369,0
DA:371,1
DA:372,1
DA:374,1
DA:387,1
DA:388,1
DA:394,1
DA:398,1
DA:402,1
DA:403,0
DA:407,0
DA:409,1
DA:415,1
DA:416,0
DA:417,0
DA:418,0
DA:420,0
DA:421,0
DA:431,1
DA:435,1
DA:441,1
DA:446,1
DA:447,0
DA:448,0
DA:450,1
DA:451,0
DA:452,0
DA:454,1
DA:455,0
DA:456,0
DA:458,1
DA:459,1
DA:460,0
DA:461,0
DA:463,1
DA:464,0
DA:465,0
DA:467,1
DA:468,1
DA:470,1
DA:483,1
DA:484,1
DA:490,1
DA:494,1
DA:498,1
DA:499,0
DA:504,1
DA:510,1
DA:511,0
DA:519,2
DA:522,5
DA:526,5
DA:527,5
DA:528,5
DA:529,0
DA:532,0
DA:534,5
DA:535,0
DA:538,0
DA:540,5
DA:542,5
DA:543,5
DA:544,5
DA:545,5
DA:546,5
DA:547,0
DA:551,0
DA:553,5
DA:554,1
DA:557,1
DA:559,4
DA:562,4
DA:563,0
DA:568,0
DA:570,4
DA:571,0
DA:576,0
DA:579,4
DA:593,4
DA:594,4
DA:596,4
DA:597,4
DA:605,4
DA:610,5
DA:612,4
DA:616,4
DA:620,4
DA:621,0
DA:626,4
DA:632,4
DA:633,0
DA:646,1
DA:650,1
DA:655,1
DA:660,1
DA:661,0
DA:662,0
DA:664,1
DA:665,0
DA:666,0
DA:668,1
DA:669,0
DA:670,0
DA:672,1
DA:673,1
DA:674,0
DA:675,0
DA:677,1
DA:678,0
DA:679,0
DA:681,1
DA:682,0
DA:683,0
DA:685,1
DA:686,1
DA:688,1
DA:704,1
DA:705,1
DA:711,1
DA:715,1
DA:719,1
DA:720,0
DA:725,1
DA:731,1
DA:732,0
DA:742,6
DA:743,6
DA:746,0
DA:754,6
DA:758,6
DA:759,6
DA:763,6
DA:764,0
DA:765,0
DA:767,6
DA:768,0
DA:769,0
DA:771,6
DA:772,0
DA:773,0
DA:775,6
DA:776,6
DA:777,0
DA:778,0
DA:780,6
DA:781,6
DA:782,0
DA:785,0
DA:788,6
DA:802,6
DA:803,6
DA:809,6
DA:813,6
DA:817,6
DA:818,0
DA:823,6
DA:829,6
DA:830,0
DA:838,1
DA:842,1
DA:846,1
DA:847,1
DA:848,0
DA:849,0
DA:851,1
DA:852,1
DA:853,0
DA:854,0
DA:856,1
DA:857,1
DA:858,0
DA:861,0
DA:864,1
DA:875,1
DA:876,1
DA:882,1
DA:886,1
DA:890,1
DA:891,0
DA:896,1
DA:902,1
DA:903,0
DA:913,0
DA:914,0
DA:915,0
DA:919,0
DA:927,2
DA:931,2
DA:932,2
DA:933,2
DA:950,2
DA:955,2
DA:967,0
DA:968,0
DA:969,0
DA:973,0
DA:974,0
DA:975,0
DA:988,0
DA:994,0
DA:1002,1
DA:1006,1
DA:1007,1
DA:1008,1
DA:1009,0
DA:1010,0
DA:1013,1
DA:1014,1
DA:1015,0
DA:1016,0
DA:1018,1
DA:1019,0
DA:1020,0
DA:1022,1
DA:1025,1
DA:1026,0
DA:1027,0
DA:1029,1
DA:1030,1
DA:1031,0
DA:1033,1
DA:1043,1
DA:1049,1
DA:1053,1
DA:1057,1
DA:1058,0
DA:1063,1
DA:1069,1
DA:1070,0
DA:1078,2
DA:1085,6
DA:1089,6
DA:1093,6
DA:1097,6
DA:1098,1
DA:1099,1
DA:1101,5
DA:1102,1
DA:1103,1
DA:1106,4
DA:1108,4
DA:1109,4
DA:1110,4
DA:1113,4
DA:1114,1
DA:1115,1
DA:1117,3
DA:1118,1
DA:1121,1
DA:1123,2
DA:1136,2
DA:1141,2
DA:1146,4
DA:1148,2
DA:1152,2
DA:1156,2
DA:1157,0
DA:1162,2
DA:1168,2
DA:1169,0
DA:1177,1
DA:1181,1
DA:1185,1
DA:1186,1
DA:1187,0
DA:1188,0
DA:1190,1
DA:1191,0
DA:1192,0
DA:1194,1
DA:1197,1
DA:1198,0
DA:1199,0
DA:1201,1
DA:1202,1
DA:1203,0
DA:1206,0
DA:1208,1
DA:1211,1
DA:1212,0
DA:1213,0
DA:1216,1
DA:1228,1
DA:1229,1
DA:1236,1
DA:1241,1
DA:1245,1
DA:1246,0
DA:1251,1
DA:1257,1
DA:1258,0
DA:1266,1
DA:1270,1
DA:1274,1
DA:1275,1
DA:1276,0
DA:1277,0
DA:1279,1
DA:1280,1
DA:1281,1
DA:1282,0
DA:1283,0
DA:1286,1
DA:1291,1
DA:1292,0
DA:1296,0
DA:1299,1
DA:1304,1
DA:1305,0
DA:1306,0
DA:1308,1
DA:1309,0
DA:1310,0
DA:1312,1
DA:1313,1
DA:1314,0
DA:1315,0
DA:1317,1
DA:1318,1
DA:1319,0
DA:1320,0
DA:1323,1
DA:1335,1
DA:1342,1
DA:1347,1
DA:1351,1
DA:1352,0
DA:1357,1
DA:1363,1
DA:1364,0
DA:1373,2
DA:1377,2
DA:1381,2
DA:1392,2
DA:1393,0
DA:1394,0
DA:1396,2
DA:1397,0
DA:1398,0
DA:1401,2
DA:1402,1
DA:1403,1
DA:1404,1
DA:1406,2
DA:1407,0
DA:1408,0
DA:1410,2
DA:1411,2
DA:1412,0
DA:1413,0
DA:1415,2
DA:1416,2
DA:1417,2
DA:1418,0
DA:1419,0
DA:1421,2
DA:1426,2
DA:1427,0
DA:1431,0
DA:1434,2
DA:1435,0
DA:1437,0
DA:1438,0
DA:1445,0
DA:1449,0
DA:1451,0
DA:1453,0
DA:1454,0
DA:1461,0
DA:1464,0
DA:1466,0
DA:1468,2
DA:1469,0
DA:1470,2
DA:1471,2
DA:1472,2
DA:1479,0
DA:1484,0
DA:1487,2
DA:1488,0
DA:1489,0
DA:1491,2
DA:1492,2
DA:1493,0
DA:1494,0
DA:1497,2
DA:1510,2
DA:1516,2
DA:1520,2
DA:1521,1
DA:1525,1
DA:1526,0
DA:1531,1
DA:1537,1
DA:1538,0
DA:1543,1
DA:1544,1
DA:1545,1
DA:1549,1
DA:1550,0
DA:1555,1
DA:1561,1
DA:1562,0
DA:1567,1
DA:1569,0
DA:1570,0
DA:1576,2
DA:1580,2
DA:1581,2
DA:1584,2
DA:1585,0
DA:1586,0
DA:1588,2
DA:1589,0
DA:1590,0
DA:1592,2
DA:1593,2
DA:1594,0
DA:1595,0
DA:1597,2
DA:1598,2
DA:1599,0
DA:1600,0
DA:1603,2
DA:1604,1
DA:1605,1
DA:1606,1
DA:1610,2
DA:1611,0
DA:1612,0
DA:1614,2
DA:1615,2
DA:1616,2
DA:1617,0
DA:1618,0
DA:1620,2
DA:1625,2
DA:1626,0
DA:1630,0
DA:1636,2
DA:1641,2
DA:1642,1
DA:1648,1
DA:1655,2
DA:1656,0
DA:1657,0
DA:1660,2
DA:1661,0
DA:1662,0
DA:1664,2
DA:1665,2
DA:1666,0
DA:1667,0
DA:1669,2
DA:1684,2
DA:1685,2
DA:1692,2
DA:1697,2
DA:1698,1
DA:1702,1
DA:1703,0
DA:1708,1
DA:1714,1
DA:1715,0
DA:1720,1
DA:1721,1
DA:1722,1
DA:1726,1
DA:1727,0
DA:1732,1
DA:1738,1
DA:1739,0
DA:1744,1
DA:1746,0
DA:1749,0
DA:1754,1
DA:1758,1
DA:1763,1
DA:1764,1
DA:1765,0
DA:1766,0
DA:1768,1
DA:1769,1
DA:1770,0
DA:1771,0
DA:1773,1
DA:1774,1
DA:1775,0
DA:1778,0
DA:1780,1
DA:1791,1
DA:1796,1
DA:1798,1
DA:1802,1
DA:1806,1
DA:1807,0
DA:1812,1
DA:1818,1
DA:1819,0
DA:1828,1
DA:1832,1
DA:1833,1
DA:1834,1
DA:1835,0
DA:1836,0
DA:1838,1
DA:1839,1
DA:1840,0
DA:1841,0
DA:1843,1
DA:1844,1
DA:1845,0
DA:1848,0
DA:1850,1
DA:1861,1
DA:1868,1
DA:1872,1
DA:1876,1
DA:1877,0
DA:1882,1
DA:1888,1
DA:1889,0
DA:1894,1
DA:1898,1
DA:1902,1
DA:1903,1
DA:1904,1
DA:1905,0
DA:1906,0
DA:1908,1
DA:1909,1
DA:1910,0
DA:1911,0
DA:1913,1
DA:1914,1
DA:1915,0
DA:1918,0
DA:1920,1
DA:1931,1
DA:1938,1
DA:1942,1
DA:1946,1
DA:1947,0
DA:1952,1
DA:1958,1
DA:1959,0
DA:1964,1
DA:1968,4
DA:1969,4
DA:1972,0
DA:1981,4
DA:1985,4
DA:1990,4
DA:1991,0
DA:1992,0
DA:1994,4
DA:1995,0
DA:1996,0
DA:1998,4
DA:1999,0
DA:2000,0
DA:2002,4
DA:2003,0
DA:2004,0
DA:2006,4
DA:2007,4
DA:2008,0
DA:2009,0
DA:2011,4
DA:2012,4
DA:2013,0
DA:2016,0
DA:2018,4
DA:2019,0
DA:2023,4
DA:2024,0
DA:2031,4
DA:2046,4
DA:2047,4
DA:2054,4
DA:2059,4
DA:2063,4
DA:2064,0
DA:2069,4
DA:2075,4
DA:2076,0
DA:2081,4
DA:2091,5
DA:2095,5
DA:2096,5
DA:2097,0
DA:2098,0
DA:2100,5
DA:2102,5
DA:2103,5
DA:2104,5
DA:2105,5
DA:2106,5
DA:2107,0
DA:2108,0
DA:2110,5
DA:2113,5
DA:2114,0
DA:2118,0
DA:2120,5
DA:2121,0
DA:2125,0
DA:2128,5
DA:2140,5
DA:2141,2
DA:2145,5
DA:2146,5
DA:2154,5
DA:2159,5
DA:2160,5
DA:2163,5
DA:2167,5
DA:2171,5
DA:2172,0
DA:2177,5
DA:2183,5
DA:2184,0
DA:2195,44
DA:2196,21
DA:2201,44
DA:2210,42
DA:2211,2
DA:2214,2
DA:2217,2
DA:2223,40
DA:2226,40
DA:2245,40
DA:2246,0
DA:2250,40
DA:2255,40
DA:2264,40
DA:2265,0
DA:2267,40
DA:2279,2
DA:2283,2
DA:2287,2
DA:2288,0
DA:2289,0
DA:2291,2
DA:2296,2
DA:2310,31
DA:2314,31
DA:2315,0
DA:2316,0
DA:2318,31
DA:2322,40
DA:2324,14
DA:2326,1
DA:2328,1
DA:2330,5
DA:2332,1
DA:2334,1
DA:2336,1
DA:2338,1
DA:2342,5
DA:2344,1
DA:2346,1
DA:2348,1
DA:2350,5
DA:2352,2
DA:2354,0
DA:2359,40
DA:2361,40
DA:2363,1
DA:2364,1
DA:2366,2
DA:2367,2
DA:2369,2
DA:2370,2
DA:2372,1
DA:2373,1
DA:2375,1
DA:2376,1
DA:2378,1
DA:2379,1
DA:2381,2
DA:2383,40
DA:2401,80
DA:2402,80
DA:2403,40
DA:2404,37
DA:2405,3
DA:2406,3
DA:2407,3
DA:2408,3
DA:2411,80
DA:2412,80
DA:2413,80
DA:2414,80
DA:2415,80
DA:2416,80
DA:2423,40
DA:2424,40
DA:2425,40
DA:2426,40
DA:2427,40
DA:2430,40
DA:2431,40
DA:2433,9
DA:2434,9
DA:2435,1
DA:2440,8
DA:2441,1
DA:2442,1
DA:2448,7
DA:2449,1
DA:2450,1
DA:2458,6
DA:2463,9
DA:2465,7
DA:2466,1
DA:2467,1
DA:2474,6
DA:2475,6
DA:2476,6
DA:2483,7
DA:2485,4
DA:2486,4
DA:2487,4
DA:2488,4
DA:2496,4
DA:2498,9
DA:2499,9
DA:2501,1
DA:2502,1
DA:2509,1
DA:2511,1
DA:2512,1
DA:2513,1
DA:2520,1
DA:2522,1
DA:2523,1
DA:2535,1
DA:2538,4
DA:2539,4
DA:2553,4
DA:2555,1
DA:2556,1
DA:2563,1
DA:2565,1
DA:2566,1
DA:2567,1
DA:2574,1
DA:2576,9
DA:2578,11
DA:2579,11
DA:2581,5
DA:2582,5
DA:2589,5
DA:2591,2
DA:2598,2
DA:2600,4
DA:2601,4
DA:2609,4
DA:2611,11
DA:2613,0
DA:2614,0
DA:2618,40
DA:2627,40
DA:2628,40
DA:2629,40
DA:2631,40
DA:2632,40
DA:2633,0
DA:2635,40
DA:2636,40
DA:2637,40
DA:2638,40
DA:2640,40
DA:2644,40
DA:2645,40
DA:2652,40
DA:2660,40
DA:2662,40
DA:2678,4
DA:2683,4
DA:2684,4
DA:2685,4
DA:2686,0
DA:2687,0
DA:2688,0
DA:2689,4
DA:2690,4
DA:2691,4
DA:2692,4
DA:2693,0
DA:2694,0
DA:2695,0
DA:2696,0
DA:2697,0
DA:2698,0
DA:2699,0
DA:2700,0
DA:2701,0
DA:2702,0
DA:2707,0
DA:2708,0
DA:2709,0
DA:2710,0
DA:2711,0
DA:2712,0
DA:2714,0
DA:2716,4
DA:2722,2
DA:2723,2
DA:2724,2
DA:2725,2
DA:2726,2
DA:2727,2
DA:2728,2
DA:2729,2
DA:2730,2
DA:2731,2
DA:2732,2
DA:2733,2
DA:2734,2
DA:2735,2
DA:2740,2
DA:2754,40
DA:2755,5
DA:2756,35
DA:2757,3
DA:2759,32
DA:2769,39
DA:2772,39
DA:2773,39
DA:2774,39
DA:2775,39
DA:2776,0
DA:2778,39
DA:2780,39
DA:2792,3
DA:2793,3
DA:2795,3
DA:2797,3
DA:2799,3
DA:2800,3
DA:2801,3
DA:2805,3
DA:2807,3
DA:2808,3
DA:2809,3
DA:2810,3
DA:2822,5
DA:2823,5
DA:2824,5
DA:2825,5
DA:2826,5
DA:2827,0
DA:2828,0
DA:2829,0
DA:2832,5
DA:2833,5
DA:2834,0
DA:2835,0
DA:2836,0
DA:2837,0
DA:2838,0
DA:2839,0
DA:2840,0
DA:2841,0
DA:2842,0
DA:2843,0
DA:2845,0
DA:2846,0
DA:2847,0
DA:2848,0
DA:2849,0
DA:2850,0
DA:2855,5
DA:2868,31
DA:2870,31
DA:2891,42
DA:2892,42
DA:2895,42
DA:2896,42
DA:2897,42
DA:2898,1
DA:2899,1
DA:2906,41
DA:2908,0
DA:2909,0
DA:2924,0
DA:2925,0
DA:2926,0
DA:2928,0
DA:2929,0
DA:2939,0
DA:2940,0
DA:2941,0
DA:2943,0
LF:1003
LH:692
BRDA:114,0,0,12
BRDA:114,0,1,8
BRDA:114,0,2,7
BRDA:114,0,3,4
BRDA:114,0,4,0
BRDA:165,1,0,0
BRDA:169,2,0,0
BRDA:176,3,0,0
BRDA:183,4,0,1
BRDA:183,4,1,1
BRDA:183,4,2,4
BRDA:225,5,0,4
BRDA:225,5,1,0
BRDA:225,6,0,4
BRDA:225,6,1,4
BRDA:226,7,0,0
BRDA:231,8,0,0
BRDA:236,9,0,0
BRDA:236,9,1,4
BRDA:236,10,0,4
BRDA:236,10,1,4
BRDA:261,11,0,0
BRDA:273,12,0,0
BRDA:296,13,0,1
BRDA:296,13,1,0
BRDA:296,14,0,1
BRDA:296,14,1,1
BRDA:297,15,0,0
BRDA:302,16,0,0
BRDA:307,17,0,0
BRDA:307,17,1,1
BRDA:307,18,0,1
BRDA:307,18,1,1
BRDA:332,19,0,0
BRDA:344,20,0,0
BRDA:366,21,0,1
BRDA:366,21,1,0
BRDA:366,22,0,1
BRDA:366,22,1,1
BRDA:367,23,0,0
BRDA:372,24,0,0
BRDA:377,25,0,0
BRDA:377,25,1,1
BRDA:377,26,0,1
BRDA:377,26,1,1
BRDA:402,27,0,0
BRDA:415,28,0,0
BRDA:416,29,0,0
BRDA:446,30,0,0
BRDA:450,31,0,0
BRDA:454,32,0,0
BRDA:459,33,0,0
BRDA:463,34,0,0
BRDA:468,35,0,0
BRDA:473,36,0,0
BRDA:473,36,1,1
BRDA:473,37,0,1
BRDA:473,37,1,1
BRDA:498,38,0,0
BRDA:510,39,0,0
BRDA:528,40,0,0
BRDA:534,41,0,0
BRDA:546,42,0,0
BRDA:553,43,0,1
BRDA:559,44,0,0
BRDA:559,44,1,4
BRDA:559,45,0,4
BRDA:559,45,1,4
BRDA:562,46,0,0
BRDA:566,47,0,0
BRDA:566,47,1,0
BRDA:566,48,0,0
BRDA:566,48,1,0
BRDA:570,49,0,0
BRDA:574,50,0,0
BRDA:574,50,1,0
BRDA:574,51,0,0
BRDA:574,51,1,0
BRDA:582,52,0,4
BRDA:582,52,1,0
BRDA:582,53,0,4
BRDA:582,53,1,4
BRDA:593,54,0,4
BRDA:610,55,0,1
BRDA:610,56,0,5
BRDA:610,56,1,4
BRDA:620,57,0,0
BRDA:632,58,0,0
BRDA:660,59,0,0
BRDA:664,60,0,0
BRDA:668,61,0,0
BRDA:673,62,0,0
BRDA:677,63,0,0
BRDA:681,64,0,0
BRDA:686,65,0,0
BRDA:691,66,0,0
BRDA:691,66,1,1
BRDA:691,67,0,1
BRDA:691,67,1,1
BRDA:719,68,0,0
BRDA:731,69,0,0
BRDA:742,70,0,6
BRDA:763,71,0,0
BRDA:767,72,0,0
BRDA:771,73,0,0
BRDA:776,74,0,0
BRDA:781,75,0,0
BRDA:791,76,0,0
BRDA:791,76,1,6
BRDA:791,77,0,6
BRDA:791,77,1,6
BRDA:817,78,0,0
BRDA:829,79,0,0
BRDA:847,80,0,0
BRDA:852,81,0,0
BRDA:857,82,0,0
BRDA:890,83,0,0
BRDA:902,84,0,0
BRDA:914,85,0,0
BRDA:932,86,0,0
BRDA:940,87,0,0
BRDA:940,87,1,2
BRDA:942,88,0,0
BRDA:942,88,1,2
BRDA:974,89,0,0
BRDA:1008,90,0,0
BRDA:1013,91,0,1
BRDA:1013,91,1,0
BRDA:1013,92,0,1
BRDA:1013,92,1,1
BRDA:1014,93,0,0
BRDA:1018,94,0,0
BRDA:1025,95,0,0
BRDA:1030,96,0,0
BRDA:1057,97,0,0
BRDA:1069,98,0,0
BRDA:1097,99,0,1
BRDA:1101,100,0,1
BRDA:1113,101,0,1
BRDA:1117,102,0,1
BRDA:1146,103,0,2
BRDA:1146,104,0,4
BRDA:1146,104,1,2
BRDA:1156,105,0,0
BRDA:1168,106,0,0
BRDA:1186,107,0,0
BRDA:1190,108,0,0
BRDA:1197,109,0,0
BRDA:1202,110,0,0
BRDA:1211,111,0,0
BRDA:1245,112,0,0
BRDA:1257,113,0,0
BRDA:1275,114,0,0
BRDA:1281,115,0,0
BRDA:1291,116,0,0
BRDA:1304,117,0,0
BRDA:1308,118,0,0
BRDA:1313,119,0,0
BRDA:1318,120,0,0
BRDA:1351,121,0,0
BRDA:1363,122,0,0
BRDA:1392,123,0,0
BRDA:1396,124,0,0
BRDA:1401,125,0,1
BRDA:1401,125,1,1
BRDA:1403,126,0,1
BRDA:1406,127,0,0
BRDA:1411,128,0,0
BRDA:1417,129,0,0
BRDA:1426,130,0,0
BRDA:1434,131,0,0
BRDA:1434,131,1,2
BRDA:1435,132,0,0
BRDA:1435,132,1,0
BRDA:1435,133,0,0
BRDA:1435,133,1,0
BRDA:1435,134,0,0
BRDA:1435,134,1,0
BRDA:1442,135,0,0
BRDA:1442,135,1,0
BRDA:1457,136,0,0
BRDA:1457,136,1,0
BRDA:1468,137,0,0
BRDA:1468,137,1,2
BRDA:1470,138,0,2
BRDA:1475,139,0,1
BRDA:1475,139,1,1
BRDA:1487,140,0,0
BRDA:1492,141,0,0
BRDA:1520,142,0,1
BRDA:1520,142,1,1
BRDA:1525,143,0,0
BRDA:1537,144,0,0
BRDA:1544,145,0,1
BRDA:1544,145,1,0
BRDA:1549,146,0,0
BRDA:1561,147,0,0
BRDA:1584,148,0,0
BRDA:1588,149,0,0
BRDA:1593,150,0,0
BRDA:1598,151,0,0
BRDA:1603,152,0,1
BRDA:1603,152,1,1
BRDA:1605,153,0,1
BRDA:1610,154,0,0
BRDA:1616,155,0,0
BRDA:1625,156,0,0
BRDA:1636,157,0,2
BRDA:1637,158,0,2
BRDA:1637,158,1,2
BRDA:1641,159,0,1
BRDA:1641,159,1,1
BRDA:1655,160,0,0
BRDA:1655,161,0,2
BRDA:1655,161,1,2
BRDA:1660,162,0,0
BRDA:1665,163,0,0
BRDA:1697,164,0,1
BRDA:1697,164,1,1
BRDA:1702,165,0,0
BRDA:1714,166,0,0
BRDA:1721,167,0,1
BRDA:1721,167,1,0
BRDA:1726,168,0,0
BRDA:1738,169,0,0
BRDA:1764,170,0,0
BRDA:1769,171,0,0
BRDA:1774,172,0,0
BRDA:1796,173,0,1
BRDA:1806,174,0,0
BRDA:1818,175,0,0
BRDA:1834,176,0,0
BRDA:1839,177,0,0
BRDA:1844,178,0,0
BRDA:1876,179,0,0
BRDA:1888,180,0,0
BRDA:1904,181,0,0
BRDA:1909,182,0,0
BRDA:1914,183,0,0
BRDA:1946,184,0,0
BRDA:1958,185,0,0
BRDA:1968,186,0,4
BRDA:1990,187,0,0
BRDA:1994,188,0,0
BRDA:1998,189,0,0
BRDA:2002,190,0,0
BRDA:2007,191,0,0
BRDA:2012,192,0,0
BRDA:2018,193,0,0
BRDA:2023,194,0,0
BRDA:2063,195,0,0
BRDA:2075,196,0,0
BRDA:2096,197,0,0
BRDA:2106,198,0,0
BRDA:2113,199,0,0
BRDA:2120,200,0,0
BRDA:2131,201,0,2
BRDA:2131,201,1,3
BRDA:2131,202,0,5
BRDA:2131,202,1,5
BRDA:2140,203,0,2
BRDA:2159,204,0,0
BRDA:2160,205,0,0
BRDA:2171,206,0,0
BRDA:2183,207,0,0
BRDA:2195,208,0,21
BRDA:2210,209,0,2
BRDA:2245,210,0,0
BRDA:2264,211,0,0
BRDA:2287,212,0,0
BRDA:2310,213,0,2
BRDA:2310,213,1,29
BRDA:2310,214,0,31
BRDA:2310,214,1,31
BRDA:2312,215,0,27
BRDA:2312,215,1,2
BRDA:2312,216,0,29
BRDA:2312,216,1,29
BRDA:2314,217,0,0
BRDA:2322,218,0,14
BRDA:2322,218,1,1
BRDA:2322,218,2,1
BRDA:2322,218,3,5
BRDA:2322,218,4,1
BRDA:2322,218,5,1
BRDA:2322,218,6,1
BRDA:2322,218,7,1
BRDA:2322,218,8,1
BRDA:2322,218,9,3
BRDA:2322,218,10,5
BRDA:2322,218,11,1
BRDA:2322,218,12,1
BRDA:2322,218,13,1
BRDA:2322,218,14,5
BRDA:2322,218,15,2
BRDA:2322,218,16,0
BRDA:2361,219,0,1
BRDA:2361,219,1,2
BRDA:2361,219,2,2
BRDA:2361,219,3,1
BRDA:2361,219,4,1
BRDA:2361,219,5,1
BRDA:2361,219,6,2
BRDA:2399,220,0,40
BRDA:2402,221,0,40
BRDA:2403,222,0,37
BRDA:2403,222,1,3
BRDA:2405,223,0,3
BRDA:2407,224,0,3
BRDA:2407,224,1,0
BRDA:2407,225,0,3
BRDA:2407,225,1,3
BRDA:2414,226,0,72
BRDA:2431,227,0,9
BRDA:2431,227,1,7
BRDA:2431,227,2,4
BRDA:2431,227,3,9
BRDA:2431,227,4,11
BRDA:2431,227,5,0
BRDA:2434,228,0,1
BRDA:2434,228,1,8
BRDA:2437,229,0,0
BRDA:2437,229,1,1
BRDA:2437,230,0,1
BRDA:2437,230,1,1
BRDA:2438,231,0,0
BRDA:2438,231,1,1
BRDA:2438,232,0,1
BRDA:2438,232,1,1
BRDA:2440,233,0,1
BRDA:2440,233,1,7
BRDA:2448,234,0,1
BRDA:2448,234,1,6
BRDA:2460,235,0,0
BRDA:2460,235,1,6
BRDA:2460,236,0,6
BRDA:2460,236,1,6
BRDA:2465,237,0,1
BRDA:2465,237,1,6
BRDA:2474,238,0,6
BRDA:2478,239,0,0
BRDA:2478,239,1,6
BRDA:2478,240,0,6
BRDA:2478,240,1,6
BRDA:2479,241,0,6
BRDA:2479,241,1,0
BRDA:2479,242,0,6
BRDA:2479,242,1,6
BRDA:2486,243,0,4
BRDA:2499,244,0,1
BRDA:2499,244,1,1
BRDA:2499,244,2,1
BRDA:2499,244,3,2
BRDA:2499,244,4,4
BRDA:2499,244,5,1
BRDA:2499,244,6,1
BRDA:2501,245,0,1
BRDA:2511,246,0,1
BRDA:2522,247,0,1
BRDA:2529,248,0,1
BRDA:2529,248,1,1
BRDA:2538,249,0,4
BRDA:2547,250,0,4
BRDA:2547,250,1,0
BRDA:2555,251,0,1
BRDA:2566,252,0,1
BRDA:2579,253,0,5
BRDA:2579,253,1,2
BRDA:2579,253,2,4
BRDA:2632,254,0,0
BRDA:2637,255,0,7
BRDA:2637,256,0,40
BRDA:2637,256,1,7
BRDA:2642,257,0,7
BRDA:2642,257,1,33
BRDA:2642,258,0,40
BRDA:2642,258,1,40
BRDA:2685,259,0,0
BRDA:2685,259,1,4
BRDA:2689,260,0,4
BRDA:2689,260,1,0
BRDA:2692,261,0,4
BRDA:2692,261,1,0
BRDA:2692,262,0,4
BRDA:2692,262,1,4
BRDA:2693,263,0,0
BRDA:2693,263,1,0
BRDA:2696,264,0,0
BRDA:2696,264,1,0
BRDA:2696,265,0,0
BRDA:2696,265,1,0
BRDA:2697,266,0,0
BRDA:2697,266,1,0
BRDA:2698,267,0,0
BRDA:2698,267,1,0
BRDA:2698,268,0,0
BRDA:2698,268,1,0
BRDA:2701,269,0,0
BRDA:2701,269,1,0
BRDA:2704,270,0,0
BRDA:2704,270,1,0
BRDA:2704,271,0,0
BRDA:2704,271,1,0
BRDA:2709,272,0,0
BRDA:2709,272,1,0
BRDA:2754,273,0,5
BRDA:2754,273,1,35
BRDA:2756,274,0,3
BRDA:2756,274,1,32
BRDA:2756,275,0,35
BRDA:2756,275,1,26
BRDA:2775,276,0,0
BRDA:2775,276,1,39
BRDA:2775,277,0,0
BRDA:2775,277,1,39
BRDA:2775,278,0,39
BRDA:2775,278,1,39
BRDA:2827,279,0,0
BRDA:2833,280,0,0
BRDA:2833,280,1,5
BRDA:2843,281,0,0
BRDA:2897,282,0,1
BRDA:2924,283,0,0
BRDA:2939,284,0,0
BRDA:521,285,0,0
BRDA:521,285,1,2
BRDA:521,286,0,2
BRDA:521,286,1,0
BRDA:521,287,0,2
BRDA:521,287,1,0
BRDA:521,288,0,2
BRDA:521,288,1,2
BRDA:133,289,0,2
BRDA:133,289,1,0
BRDA:133,290,0,2
BRDA:133,290,1,2
BRDA:133,291,0,2
BRDA:133,291,1,0
BRDA:133,292,0,2
BRDA:133,292,1,2
BRDA:134,293,0,2
BRDA:134,293,1,0
BRDA:134,294,0,2
BRDA:134,294,1,2
BRDA:135,295,0,2
BRDA:135,295,1,0
BRDA:135,296,0,2
BRDA:135,296,1,2
BRDA:136,297,0,2
BRDA:136,297,1,0
BRDA:136,298,0,2
BRDA:136,298,1,2
BRDA:137,299,0,2
BRDA:137,299,1,0
BRDA:137,300,0,2
BRDA:137,300,1,2
BRDA:138,301,0,2
BRDA:138,301,1,0
BRDA:138,302,0,2
BRDA:138,302,1,2
BRDA:139,303,0,2
BRDA:139,303,1,0
BRDA:139,304,0,2
BRDA:139,304,1,2
BRDA:140,305,0,2
BRDA:140,305,1,0
BRDA:140,306,0,2
BRDA:140,306,1,2
BRDA:141,307,0,2
BRDA:141,307,1,0
BRDA:141,308,0,2
BRDA:141,308,1,2
BRDA:142,309,0,2
BRDA:142,309,1,0
BRDA:142,310,0,2
BRDA:142,310,1,2
BRF:476
BRH:242
end_of_record
TN:
SF:src/activity/activity.ts
FN:83,(anonymous_0)
FN:39,(anonymous_1)
FN:58,(anonymous_2)
FN:90,(anonymous_3)
FN:99,(anonymous_4)
FN:103,(anonymous_5)
FN:109,(anonymous_6)
FN:115,(anonymous_7)
FN:130,(anonymous_8)
FN:134,(anonymous_9)
FN:140,(anonymous_10)
FN:144,(anonymous_11)
FN:202,(anonymous_12)
FN:208,(anonymous_13)
FN:212,(anonymous_14)
FN:218,(anonymous_15)
FN:274,(anonymous_16)
FN:282,(anonymous_17)
FN:310,(anonymous_18)
FN:319,(anonymous_19)
FN:327,(anonymous_20)
FNF:21
FNH:17
FNDA:48,(anonymous_0)
FNDA:42,(anonymous_1)
FNDA:0,(anonymous_2)
FNDA:3,(anonymous_3)
FNDA:50,(anonymous_4)
FNDA:80,(anonymous_5)
FNDA:0,(anonymous_6)
FNDA:4,(anonymous_7)
FNDA:0,(anonymous_8)
FNDA:0,(anonymous_9)
FNDA:44,(anonymous_10)
FNDA:84,(anonymous_11)
FNDA:80,(anonymous_12)
FNDA:44,(anonymous_13)
FNDA:62,(anonymous_14)
FNDA:44,(anonymous_15)
FNDA:77,(anonymous_16)
FNDA:77,(anonymous_17)
FNDA:77,(anonymous_18)
FNDA:77,(anonymous_19)
FNDA:77,(anonymous_20)
DA:2,77
DA:3,77
DA:12,77
DA:40,42
DA:41,42
DA:42,42
DA:43,42
DA:44,42
DA:45,42
DA:46,42
DA:47,42
DA:48,42
DA:49,42
DA:50,42
DA:51,42
DA:52,42
DA:53,42
DA:54,42
DA:55,42
DA:59,0
DA:60,0
DA:61,0
DA:62,0
DA:63,0
DA:64,0
DA:65,0
DA:66,0
DA:67,0
DA:68,0
DA:69,0
DA:70,0
DA:71,0
DA:72,0
DA:73,0
DA:74,0
DA:75,0
DA:76,0
DA:77,0
DA:78,0
DA:79,0
DA:80,0
DA:84,48
DA:85,48
DA:86,48
DA:87,48
DA:91,3
DA:92,3
DA:93,3
DA:94,3
DA:95,3
DA:100,50
DA:104,80
DA:110,0
DA:116,4
DA:118,0
DA:120,0
DA:122,0
DA:124,4
DA:126,0
DA:131,0
DA:135,0
DA:141,44
DA:145,84
DA:147,28
DA:149,2
DA:151,2
DA:153,10
DA:155,2
DA:157,2
DA:159,2
DA:161,0
DA:163,4
DA:165,0
DA:167,0
DA:169,2
DA:171,0
DA:173,2
DA:175,4
DA:177,4
DA:179,2
DA:181,2
DA:183,2
DA:185,10
DA:187,4
DA:189,0
DA:191,0
DA:193,0
DA:195,0
DA:197,0
DA:198,0
DA:203,80
DA:209,44
DA:213,62
DA:223,44
DA:224,3
DA:225,3
DA:226,3
DA:228,0
DA:229,0
DA:232,41
DA:274,77
DA:275,77
DA:276,77
DA:277,77
DA:278,77
DA:279,77
DA:282,77
DA:283,77
DA:284,77
DA:285,77
DA:286,77
DA:287,77
DA:288,77
DA:289,77
DA:290,77
DA:291,77
DA:292,77
DA:293,77
DA:294,77
DA:295,77
DA:296,77
DA:297,77
DA:298,77
DA:299,77
DA:300,77
DA:301,77
DA:302,77
DA:303,77
DA:304,77
DA:305,77
DA:306,77
DA:307,77
DA:310,77
DA:311,77
DA:312,77
DA:313,77
DA:314,77
DA:315,77
DA:316,77
DA:319,77
DA:320,77
DA:321,77
DA:322,77
DA:323,77
DA:324,77
DA:327,77
DA:328,77
DA:329,77
LF:148
LH:107
BRDA:104,0,0,0
BRDA:104,0,1,80
BRDA:110,1,0,0
BRDA:110,1,1,0
BRDA:116,2,0,0
BRDA:116,2,1,0
BRDA:116,2,2,0
BRDA:116,2,3,4
BRDA:116,2,4,0
BRDA:135,3,0,0
BRDA:135,3,1,0
BRDA:135,4,0,0
BRDA:135,4,1,0
BRDA:135,5,0,0
BRDA:135,5,1,0
BRDA:137,6,0,0
BRDA:137,6,1,0
BRDA:137,7,0,0
BRDA:137,7,1,0
BRDA:145,8,0,28
BRDA:145,8,1,2
BRDA:145,8,2,2
BRDA:145,8,3,10
BRDA:145,8,4,2
BRDA:145,8,5,2
BRDA:145,8,6,2
BRDA:145,8,7,0
BRDA:145,8,8,4
BRDA:145,8,9,0
BRDA:145,8,10,0
BRDA:145,8,11,2
BRDA:145,8,12,0
BRDA:145,8,13,2
BRDA:145,8,14,4
BRDA:145,8,15,4
BRDA:145,8,16,2
BRDA:145,8,17,2
BRDA:145,8,18,2
BRDA:145,8,19,10
BRDA:145,8,20,4
BRDA:145,8,21,0
BRDA:145,8,22,0
BRDA:145,8,23,0
BRDA:145,8,24,0
BRDA:145,8,25,0
BRDA:203,9,0,0
BRDA:203,9,1,80
BRDA:213,10,0,0
BRDA:213,10,1,62
BRDA:220,11,0,41
BRDA:223,12,0,3
BRDA:223,12,1,41
BRDA:224,13,0,3
BRDA:224,13,1,0
BRDA:274,14,0,77
BRDA:274,14,1,77
BRDA:282,15,0,77
BRDA:282,15,1,77
BRDA:310,16,0,77
BRDA:310,16,1,77
BRDA:319,17,0,77
BRDA:319,17,1,77
BRDA:327,18,0,77
BRDA:327,18,1,77
BRF:64
BRH:35
end_of_record
TN:
SF:src/activity/base-activity-type.errors.ts
FN:8,(anonymous_0)
FNF:1
FNH:1
FNDA:1,(anonymous_0)
DA:1,2
DA:7,2
DA:9,1
LF:3
LH:3
BRF:0
BRH:0
end_of_record
TN:
SF:src/activity/base-activity-type.ts
FN:59,(anonymous_2)
FN:79,(anonymous_3)
FN:103,(anonymous_4)
FN:139,(anonymous_5)
FN:175,(anonymous_6)
FN:208,(anonymous_7)
FN:235,(anonymous_8)
FN:252,(anonymous_9)
FN:267,(anonymous_10)
FN:287,(anonymous_11)
FN:308,(anonymous_12)
FN:335,(anonymous_13)
FN:374,(anonymous_14)
FN:413,(anonymous_15)
FN:455,(anonymous_16)
FN:500,(anonymous_17)
FN:539,(anonymous_18)
FN:569,(anonymous_19)
FN:596,(anonymous_20)
FN:623,(anonymous_21)
FN:650,(anonymous_22)
FN:677,(anonymous_23)
FN:704,(anonymous_24)
FN:730,(anonymous_25)
FN:752,(anonymous_26)
FN:785,(anonymous_27)
FN:816,(anonymous_28)
FN:847,(anonymous_29)
FN:864,(anonymous_30)
FN:883,(anonymous_31)
FN:899,(anonymous_32)
FN:913,(anonymous_33)
FN:944,(anonymous_34)
FN:976,(anonymous_35)
FN:1002,(anonymous_36)
FN:1030,(anonymous_37)
FNF:36
FNH:26
FNDA:6,(anonymous_2)
FNDA:4,(anonymous_3)
FNDA:0,(anonymous_4)
FNDA:4,(anonymous_5)
FNDA:5,(anonymous_6)
FNDA:2,(anonymous_7)
FNDA:4,(anonymous_8)
FNDA:1,(anonymous_9)
FNDA:1,(anonymous_10)
FNDA:1,(anonymous_11)
FNDA:1,(anonymous_12)
FNDA:3,(anonymous_13)
FNDA:1,(anonymous_14)
FNDA:1,(anonymous_15)
FNDA:1,(anonymous_16)
FNDA:1,(anonymous_17)
FNDA:1,(anonymous_18)
FNDA:1,(anonymous_19)
FNDA:1,(anonymous_20)
FNDA:1,(anonymous_21)
FNDA:1,(anonymous_22)
FNDA:1,(anonymous_23)
FNDA:0,(anonymous_24)
FNDA:0,(anonymous_25)
FNDA:1,(anonymous_26)
FNDA:3,(anonymous_27)
FNDA:0,(anonymous_28)
FNDA:5,(anonymous_29)
FNDA:3,(anonymous_30)
FNDA:0,(anonymous_31)
FNDA:1,(anonymous_32)
FNDA:0,(anonymous_33)
FNDA:0,(anonymous_34)
FNDA:0,(anonymous_35)
FNDA:0,(anonymous_36)
FNDA:0,(anonymous_37)
DA:1,17
DA:2,17
DA:49,17
DA:51,17
DA:54,17
DA:57,17
DA:60,6
DA:61,6
DA:62,6
DA:66,17
DA:68,17
DA:71,17
DA:74,17
DA:77,17
DA:80,4
DA:81,4
DA:82,4
DA:83,4
DA:87,17
DA:89,17
DA:92,17
DA:95,17
DA:98,17
DA:101,17
DA:112,0
DA:113,0
DA:114,0
DA:115,0
DA:116,0
DA:120,17
DA:122,17
DA:125,17
DA:128,17
DA:131,17
DA:134,17
DA:137,17
DA:150,4
DA:151,4
DA:152,4
DA:153,4
DA:154,4
DA:155,4
DA:159,17
DA:161,17
DA:164,17
DA:167,17
DA:170,17
DA:173,17
DA:184,5
DA:185,5
DA:186,5
DA:187,5
DA:188,5
DA:192,17
DA:194,17
DA:197,17
DA:200,17
DA:203,17
DA:206,17
DA:217,2
DA:218,2
DA:219,2
DA:220,2
DA:221,2
DA:225,17
DA:227,17
DA:230,17
DA:233,17
DA:236,4
DA:237,4
DA:238,4
DA:242,17
DA:244,17
DA:247,17
DA:250,17
DA:253,1
DA:254,1
DA:255,1
DA:259,17
DA:261,17
DA:264,17
DA:268,1
DA:269,1
DA:270,1
DA:274,17
DA:276,17
DA:279,17
DA:282,17
DA:285,17
DA:288,1
DA:289,1
DA:290,1
DA:291,1
DA:295,17
DA:297,17
DA:300,17
DA:303,17
DA:306,17
DA:309,1
DA:310,1
DA:311,1
DA:312,1
DA:316,17
DA:318,17
DA:321,17
DA:324,17
DA:327,17
DA:330,17
DA:333,17
DA:346,3
DA:347,3
DA:348,3
DA:349,3
DA:350,3
DA:351,3
DA:355,17
DA:357,17
DA:360,17
DA:363,17
DA:366,17
DA:369,17
DA:372,17
DA:385,1
DA:386,1
DA:387,1
DA:388,1
DA:389,1
DA:390,1
DA:394,17
DA:396,17
DA:399,17
DA:402,17
DA:405,17
DA:408,17
DA:411,17
DA:424,1
DA:425,1
DA:426,1
DA:427,1
DA:428,1
DA:429,1
DA:433,17
DA:435,17
DA:438,17
DA:441,17
DA:444,17
DA:447,17
DA:450,17
DA:453,17
DA:468,1
DA:469,1
DA:470,1
DA:471,1
DA:472,1
DA:473,1
DA:474,1
DA:478,17
DA:480,17
DA:483,17
DA:486,17
DA:489,17
DA:492,17
DA:495,17
DA:498,17
DA:513,1
DA:514,1
DA:515,1
DA:516,1
DA:517,1
DA:518,1
DA:519,1
DA:523,17
DA:525,17
DA:528,17
DA:531,17
DA:534,17
DA:537,17
DA:548,1
DA:549,1
DA:550,1
DA:551,1
DA:552,1
DA:556,17
DA:558,17
DA:561,17
DA:564,17
DA:567,17
DA:576,1
DA:577,1
DA:578,1
DA:579,1
DA:583,17
DA:585,17
DA:588,17
DA:591,17
DA:594,17
DA:603,1
DA:604,1
DA:605,1
DA:606,1
DA:610,17
DA:612,17
DA:615,17
DA:618,17
DA:621,17
DA:630,1
DA:631,1
DA:632,1
DA:633,1
DA:637,17
DA:639,17
DA:642,17
DA:645,17
DA:648,17
DA:657,1
DA:658,1
DA:659,1
DA:660,1
DA:664,17
DA:666,17
DA:669,17
DA:672,17
DA:675,17
DA:684,1
DA:685,1
DA:686,1
DA:687,1
DA:691,17
DA:693,17
DA:696,17
DA:699,17
DA:702,17
DA:711,0
DA:712,0
DA:713,0
DA:714,0
DA:718,17
DA:721,17
DA:725,17
DA:728,17
DA:731,0
DA:732,0
DA:733,0
DA:737,17
DA:739,17
DA:743,17
DA:747,17
DA:750,17
DA:761,1
DA:762,1
DA:763,1
DA:764,1
DA:770,17
DA:774,17
DA:777,17
DA:780,17
DA:783,17
DA:794,3
DA:795,3
DA:796,3
DA:797,3
DA:801,17
DA:805,17
DA:808,17
DA:811,17
DA:814,17
DA:825,0
DA:826,0
DA:827,0
DA:828,0
DA:837,17
DA:839,17
DA:842,17
DA:845,17
DA:848,5
DA:849,5
DA:850,5
DA:854,17
DA:856,17
DA:859,17
DA:862,17
DA:865,3
DA:866,3
DA:867,3
DA:871,17
DA:875,17
DA:878,17
DA:881,17
DA:884,0
DA:885,0
DA:886,0
DA:889,17
DA:891,17
DA:894,17
DA:897,17
DA:900,1
DA:901,1
DA:902,1
DA:906,17
DA:908,17
DA:911,17
DA:914,0
DA:915,0
DA:919,17
DA:922,17
DA:925,17
DA:928,17
DA:931,17
DA:934,17
DA:937,17
DA:940,17
DA:942,17
DA:961,0
DA:962,0
DA:963,0
DA:964,0
DA:965,0
DA:966,0
DA:967,0
DA:968,0
DA:976,0
DA:980,17
DA:983,17
DA:986,17
DA:989,17
DA:992,17
DA:995,17
DA:998,17
DA:1000,17
DA:1017,0
DA:1018,0
DA:1019,0
DA:1020,0
DA:1021,0
DA:1022,0
DA:1023,0
DA:1030,0
LF:337
LH:299
BRDA:51,0,0,0
BRDA:51,0,1,17
BRDA:51,1,0,17
BRDA:51,1,1,17
BRDA:68,2,0,0
BRDA:68,2,1,17
BRDA:68,3,0,17
BRDA:68,3,1,17
BRDA:89,4,0,0
BRDA:89,4,1,17
BRDA:89,5,0,17
BRDA:89,5,1,17
BRDA:122,6,0,0
BRDA:122,6,1,17
BRDA:122,7,0,17
BRDA:122,7,1,17
BRDA:161,8,0,0
BRDA:161,8,1,17
BRDA:161,9,0,17
BRDA:161,9,1,17
BRDA:194,10,0,0
BRDA:194,10,1,17
BRDA:194,11,0,17
BRDA:194,11,1,17
BRDA:227,12,0,0
BRDA:227,12,1,17
BRDA:227,13,0,17
BRDA:227,13,1,17
BRDA:244,14,0,0
BRDA:244,14,1,17
BRDA:244,15,0,17
BRDA:244,15,1,17
BRDA:261,16,0,0
BRDA:261,16,1,17
BRDA:261,17,0,17
BRDA:261,17,1,17
BRDA:276,18,0,0
BRDA:276,18,1,17
BRDA:276,19,0,17
BRDA:276,19,1,17
BRDA:297,20,0,0
BRDA:297,20,1,17
BRDA:297,21,0,17
BRDA:297,21,1,17
BRDA:318,22,0,0
BRDA:318,22,1,17
BRDA:318,23,0,17
BRDA:318,23,1,17
BRDA:357,24,0,0
BRDA:357,24,1,17
BRDA:357,25,0,17
BRDA:357,25,1,17
BRDA:396,26,0,0
BRDA:396,26,1,17
BRDA:396,27,0,17
BRDA:396,27,1,17
BRDA:435,28,0,0
BRDA:435,28,1,17
BRDA:435,29,0,17
BRDA:435,29,1,17
BRDA:480,30,0,0
BRDA:480,30,1,17
BRDA:480,31,0,17
BRDA:480,31,1,17
BRDA:525,32,0,0
BRDA:525,32,1,17
BRDA:525,33,0,17
BRDA:525,33,1,17
BRDA:558,34,0,0
BRDA:558,34,1,17
BRDA:558,35,0,17
BRDA:558,35,1,17
BRDA:585,36,0,0
BRDA:585,36,1,17
BRDA:585,37,0,17
BRDA:585,37,1,17
BRDA:612,38,0,0
BRDA:612,38,1,17
BRDA:612,39,0,17
BRDA:612,39,1,17
BRDA:639,40,0,0
BRDA:639,40,1,17
BRDA:639,41,0,17
BRDA:639,41,1,17
BRDA:666,42,0,0
BRDA:666,42,1,17
BRDA:666,43,0,17
BRDA:666,43,1,17
BRDA:693,44,0,0
BRDA:693,44,1,17
BRDA:693,45,0,17
BRDA:693,45,1,17
BRDA:764,46,0,0
BRDA:764,46,1,1
BRDA:765,47,0,1
BRDA:765,47,1,0
BRDA:739,48,0,0
BRDA:739,48,1,17
BRDA:739,49,0,17
BRDA:739,49,1,17
BRDA:774,50,0,0
BRDA:774,50,1,17
BRDA:774,51,0,17
BRDA:774,51,1,17
BRDA:805,52,0,0
BRDA:805,52,1,17
BRDA:805,53,0,17
BRDA:805,53,1,17
BRDA:839,54,0,0
BRDA:839,54,1,17
BRDA:839,55,0,17
BRDA:839,55,1,17
BRDA:856,56,0,0
BRDA:856,56,1,17
BRDA:856,57,0,17
BRDA:856,57,1,17
BRDA:875,58,0,0
BRDA:875,58,1,17
BRDA:875,59,0,17
BRDA:875,59,1,17
BRDA:891,60,0,0
BRDA:891,60,1,17
BRDA:891,61,0,17
BRDA:891,61,1,17
BRDA:908,62,0,0
BRDA:908,62,1,17
BRDA:908,63,0,17
BRDA:908,63,1,17
BRDA:922,64,0,0
BRDA:922,64,1,17
BRDA:922,65,0,17
BRDA:922,65,1,17
BRDA:983,66,0,0
BRDA:983,66,1,17
BRDA:983,67,0,17
BRDA:983,67,1,17
BRF:136
BRH:101
end_of_record
TN:
SF:src/activity-stream/activity.stream.entity.ts
FN:27,(anonymous_0)
FNF:1
FNH:0
FNDA:0,(anonymous_0)
DA:3,41
DA:27,41
DA:33,0
DA:34,0
DA:40,0
LF:5
LH:2
BRDA:33,0,0,0
BRDA:36,1,0,0
BRDA:36,1,1,0
BRDA:36,2,0,0
BRDA:36,2,1,0
BRDA:42,3,0,0
BRDA:42,3,1,0
BRDA:42,4,0,0
BRDA:42,4,1,0
BRF:9
BRH:0
end_of_record
TN:
SF:src/activity-stream/activity.stream.service.ts
FN:18,(anonymous_5)
FN:23,(anonymous_6)
FN:30,(anonymous_7)
FN:34,(anonymous_8)
FN:38,(anonymous_9)
FN:42,(anonymous_10)
FN:53,(anonymous_11)
FN:65,(anonymous_12)
FN:74,(anonymous_13)
FNF:9
FNH:1
FNDA:1,(anonymous_5)
FNDA:0,(anonymous_6)
FNDA:0,(anonymous_7)
FNDA:0,(anonymous_8)
FNDA:0,(anonymous_9)
FNDA:0,(anonymous_10)
FNDA:0,(anonymous_11)
FNDA:0,(anonymous_12)
FNDA:0,(anonymous_13)
DA:1,41
DA:2,41
DA:3,41
DA:4,41
DA:6,41
DA:13,41
DA:20,1
DA:24,0
DA:25,0
DA:26,0
DA:27,0
DA:31,0
DA:35,0
DA:39,0
DA:46,0
DA:48,0
DA:53,0
DA:60,0
DA:65,0
DA:81,0
DA:82,0
DA:86,0
DA:87,0
DA:88,0
LF:24
LH:7
BRDA:46,0,0,0
BRDA:46,0,1,0
BRDA:49,1,0,0
BRDA:49,1,1,0
BRDA:61,2,0,0
BRDA:61,2,1,0
BRDA:20,3,0,41
BRDA:20,3,1,0
BRDA:20,4,0,41
BRDA:20,4,1,41
BRF:10
BRH:3
end_of_record
TN:
SF:src/activity-stream/testing/activity-stream-entity.fake.ts
FN:4,ActivityStreamEntityFake
FNF:1
FNH:1
FNDA:44,ActivityStreamEntityFake
DA:1,1
DA:2,1
DA:4,1
DA:7,44
DA:8,44
DA:9,44
DA:10,44
LF:7
LH:7
BRDA:5,0,0,10
BRF:1
BRH:1
end_of_record
TN:
SF:src/activity/testing/activity-data.fake.ts
FN:4,(anonymous_0)
FN:15,(anonymous_1)
FNF:2
FNH:2
FNDA:12551,(anonymous_0)
FNDA:1793,(anonymous_1)
DA:2,18
DA:4,18
DA:7,12551
DA:15,18
DA:18,1793
LF:5
LH:5
BRF:0
BRH:0
end_of_record
TN:
SF:src/activity/testing/activity.fake.ts
FN:4,ActivityFake
FNF:1
FNH:1
FNDA:1,ActivityFake
DA:1,1
DA:2,1
DA:4,1
DA:5,1
DA:6,1
DA:7,1
DA:8,1
DA:9,1
DA:10,1
DA:11,1
DA:12,1
DA:13,1
DA:14,1
DA:15,1
DA:16,1
DA:17,1
DA:18,1
DA:19,1
DA:20,1
DA:21,1
DA:22,1
DA:23,1
DA:24,1
DA:25,1
LF:24
LH:24
BRF:0
BRH:0
end_of_record
TN:
SF:src/admin/community/dto/create-community.dto.ts
FN:41,(anonymous_2)
FN:51,(anonymous_3)
FNF:2
FNH:0
FNDA:0,(anonymous_2)
FNDA:0,(anonymous_3)
DA:1,2
DA:9,2
DA:14,2
DA:23,2
DA:27,2
DA:31,2
DA:35,2
DA:39,2
DA:42,0
DA:43,0
DA:44,0
DA:45,0
DA:46,0
DA:47,0
DA:48,0
DA:66,0
LF:16
LH:8
BRDA:42,0,0,0
BRF:1
BRH:0
end_of_record
TN:
SF:src/admin/notification/notificationContent.entity.ts
FN:9,(anonymous_0)
FNF:1
FNH:1
FNDA:2,(anonymous_0)
DA:3,8
DA:15,2
DA:16,2
DA:17,2
DA:18,2
LF:5
LH:5
BRDA:15,0,0,2
BRDA:15,0,1,0
BRDA:15,1,0,0
BRDA:15,1,1,2
BRDA:15,2,0,2
BRDA:15,2,1,2
BRDA:16,3,0,2
BRDA:16,3,1,0
BRDA:16,4,0,0
BRDA:16,4,1,2
BRDA:16,5,0,2
BRDA:16,5,1,2
BRDA:17,6,0,2
BRDA:17,6,1,0
BRDA:17,7,0,0
BRDA:17,7,1,2
BRDA:17,8,0,2
BRDA:17,8,1,2
BRDA:18,9,0,2
BRDA:18,9,1,0
BRDA:18,10,0,0
BRDA:18,10,1,2
BRDA:18,11,0,2
BRDA:18,11,1,2
BRF:24
BRH:16
end_of_record
TN:
SF:src/admin/notification/notificationContent.schema.ts
FNF:0
FNH:0
DA:1,8
DA:2,8
DA:4,8
LF:3
LH:3
BRF:0
BRH:0
end_of_record
TN:
SF:src/admin/open-search/admin-open-search.controller.ts
FN:10,(anonymous_4)
FN:19,(anonymous_5)
FNF:2
FNH:2
FNDA:1,(anonymous_4)
FNDA:1,(anonymous_5)
DA:1,1
DA:2,1
DA:3,1
DA:4,1
DA:5,1
DA:9,1
DA:12,1
DA:13,1
DA:15,1
DA:19,1
DA:20,1
LF:11
LH:11
BRDA:19,0,0,1
BRDA:19,0,1,0
BRDA:19,1,0,1
BRDA:19,1,1,1
BRDA:12,2,0,1
BRDA:12,2,1,0
BRDA:12,3,0,1
BRDA:12,3,1,1
BRDA:12,4,0,1
BRDA:12,4,1,0
BRDA:12,5,0,1
BRDA:12,5,1,1
BRF:12
BRH:9
end_of_record
TN:
SF:src/admin/open-search/admin-open-search.service.ts
FN:14,(anonymous_4)
FN:23,(anonymous_5)
FNF:2
FNH:2
FNDA:2,(anonymous_4)
FNDA:2,(anonymous_5)
DA:1,2
DA:7,2
DA:8,2
DA:9,2
DA:10,2
DA:13,2
DA:16,2
DA:17,2
DA:18,2
DA:20,2
DA:32,2
DA:38,2
LF:12
LH:12
BRDA:16,0,0,2
BRDA:16,0,1,0
BRDA:16,1,0,2
BRDA:16,1,1,2
BRDA:16,2,0,2
BRDA:16,2,1,0
BRDA:16,3,0,2
BRDA:16,3,1,2
BRDA:17,4,0,2
BRDA:17,4,1,0
BRDA:17,5,0,2
BRDA:17,5,1,2
BRF:12
BRH:9
end_of_record
TN:
SF:src/admin/open-search/dto/construct-index.dto.ts
FNF:0
FNH:0
DA:1,1
DA:6,1
DA:8,1
DA:10,1
DA:17,1
DA:24,1
LF:6
LH:6
BRDA:10,0,0,0
BRDA:10,0,1,1
BRDA:10,1,0,1
BRDA:10,1,1,0
BRDA:17,2,0,0
BRDA:17,2,1,1
BRDA:17,3,0,1
BRDA:17,3,1,0
BRDA:24,4,0,0
BRDA:24,4,1,1
BRDA:24,5,0,1
BRDA:24,5,1,0
BRF:12
BRH:6
end_of_record
TN:
SF:src/auth/auth.guard.ts
FN:17,(anonymous_2)
FN:30,(anonymous_3)
FNF:2
FNH:0
FNDA:0,(anonymous_2)
FNDA:0,(anonymous_3)
DA:1,1
DA:7,1
DA:8,1
DA:9,1
DA:10,1
DA:13,1
DA:15,1
DA:18,0
DA:19,0
DA:20,0
DA:32,0
DA:33,0
DA:34,0
DA:35,0
DA:40,0
DA:42,0
LF:16
LH:7
BRDA:34,0,0,0
BRDA:34,1,0,0
BRDA:34,1,1,0
BRDA:40,2,0,0
BRDA:40,2,1,0
BRDA:15,3,0,1
BRDA:15,3,1,0
BRDA:15,4,0,1
BRDA:15,4,1,1
BRF:9
BRH:3
end_of_record
TN:
SF:src/auth/auth.service.ts
FN:12,(anonymous_2)
FN:14,(anonymous_3)
FNF:2
FNH:1
FNDA:1,(anonymous_2)
FNDA:0,(anonymous_3)
DA:1,1
DA:2,1
DA:3,1
DA:4,1
DA:8,1
DA:10,1
DA:12,1
DA:15,0
DA:18,0
DA:19,0
DA:20,0
DA:21,0
DA:23,0
DA:26,0
DA:27,0
DA:28,0
DA:30,0
DA:32,0
LF:18
LH:7
BRDA:19,0,0,0
BRDA:27,1,0,0
BRDA:27,1,1,0
BRDA:10,2,0,1
BRDA:10,2,1,0
BRDA:10,3,0,1
BRDA:10,3,1,1
BRDA:12,4,0,1
BRDA:12,4,1,0
BRDA:12,5,0,1
BRDA:12,5,1,1
BRF:11
BRH:6
end_of_record
TN:
SF:src/auth/constants.ts
FNF:0
FNH:0
DA:1,87
DA:2,0
DA:5,87
DA:9,87
LF:4
LH:3
BRDA:1,0,0,0
BRF:1
BRH:0
end_of_record
TN:
SF:src/auth/current-user.ts
FN:7,(anonymous_0)
FN:14,(anonymous_1)
FN:20,(anonymous_2)
FN:30,(anonymous_3)
FNF:4
FNH:0
FNDA:0,(anonymous_0)
FNDA:0,(anonymous_1)
FNDA:0,(anonymous_2)
FNDA:0,(anonymous_3)
DA:1,10
DA:2,10
DA:6,10
DA:8,0
DA:9,0
DA:13,10
DA:15,0
DA:16,0
DA:19,10
DA:21,0
DA:22,0
DA:29,10
DA:31,0
DA:32,0
LF:14
LH:6
BRF:0
BRH:0
end_of_record
TN:
SF:src/auth/exceptionFilter.ts
FN:18,(anonymous_2)
FN:22,(anonymous_3)
FN:38,(anonymous_4)
FN:42,(anonymous_5)
FNF:4
FNH:1
FNDA:32,(anonymous_2)
FNDA:0,(anonymous_3)
FNDA:0,(anonymous_4)
FNDA:0,(anonymous_5)
DA:1,4
DA:10,4
DA:13,4
DA:16,4
DA:19,32
DA:23,0
DA:28,0
DA:29,0
DA:31,0
DA:35,4
DA:39,0
DA:43,0
DA:44,0
DA:45,0
LF:14
LH:6
BRDA:28,0,0,0
BRF:1
BRH:0
end_of_record
TN:
SF:src/auth/firebase-jwt-signup.strategy.ts
FN:18,(anonymous_2)
FN:24,(anonymous_3)
FNF:2
FNH:0
FNDA:0,(anonymous_2)
FNDA:0,(anonymous_3)
DA:1,1
DA:2,1
DA:3,1
DA:4,1
DA:6,1
DA:8,1
DA:14,1
DA:18,0
DA:19,0
DA:26,0
DA:29,0
DA:30,0
DA:31,0
DA:33,0
LF:14
LH:7
BRDA:29,0,0,0
BRDA:18,1,0,1
BRDA:18,1,1,0
BRDA:18,2,0,1
BRDA:18,2,1,1
BRF:5
BRH:3
end_of_record
TN:
SF:src/auth/firebase.jwt.strategy.ts
FN:15,(anonymous_2)
FN:25,(anonymous_3)
FNF:2
FNH:0
FNDA:0,(anonymous_2)
FNDA:0,(anonymous_3)
DA:1,10
DA:2,10
DA:4,10
DA:5,10
DA:6,10
DA:8,10
DA:11,10
DA:16,0
DA:17,0
DA:19,0
DA:26,0
LF:11
LH:7
BRDA:16,0,0,10
BRDA:16,0,1,0
BRDA:16,1,0,10
BRDA:16,1,1,10
BRDA:16,2,0,10
BRDA:16,2,1,0
BRDA:16,3,0,10
BRDA:16,3,1,10
BRF:8
BRH:6
end_of_record
TN:
SF:src/auth/jwt-auth.guard.ts
FN:12,(anonymous_1)
FN:25,(anonymous_2)
FN:36,(anonymous_3)
FNF:3
FNH:0
FNDA:0,(anonymous_1)
FNDA:0,(anonymous_2)
FNDA:0,(anonymous_3)
DA:1,10
DA:2,10
DA:3,10
DA:4,10
DA:5,10
DA:8,10
DA:13,0
DA:14,0
DA:19,10
DA:32,0
DA:33,0
DA:37,0
DA:38,0
LF:13
LH:7
BRDA:32,0,0,0
BRF:1
BRH:0
end_of_record
TN:
SF:src/auth/jwt.strategy.ts
FN:21,(anonymous_2)
FN:30,(anonymous_3)
FNF:2
FNH:0
FNDA:0,(anonymous_2)
FNDA:0,(anonymous_3)
DA:1,10
DA:2,10
DA:3,10
DA:4,10
DA:5,10
DA:6,10
DA:8,10
DA:10,10
DA:17,10
DA:19,10
DA:21,0
DA:22,0
DA:31,0
DA:32,0
DA:33,0
DA:34,0
LF:16
LH:10
BRDA:32,0,0,0
BRDA:19,1,0,10
BRDA:19,1,1,0
BRDA:19,2,0,10
BRDA:19,2,1,10
BRDA:21,3,0,10
BRDA:21,3,1,0
BRDA:21,4,0,10
BRDA:21,4,1,10
BRF:9
BRH:6
end_of_record
TN:
SF:src/auth/signup-auth.guard.ts
FN:14,(anonymous_1)
FN:28,(anonymous_2)
FNF:2
FNH:0
FNDA:0,(anonymous_1)
FNDA:0,(anonymous_2)
DA:1,1
DA:2,1
DA:3,1
DA:4,1
DA:8,1
DA:11,1
DA:21,0
DA:22,0
DA:23,0
DA:25,0
DA:29,0
DA:30,0
DA:31,0
DA:33,0
DA:34,0
LF:15
LH:6
BRDA:21,0,0,0
BRDA:29,1,0,0
BRF:2
BRH:0
end_of_record
TN:
SF:src/banner/banner.entity.ts
FN:27,(anonymous_0)
FN:89,(anonymous_1)
FN:94,(anonymous_2)
FNF:3
FNH:3
FNDA:3,(anonymous_0)
FNDA:2,(anonymous_1)
FNDA:2,(anonymous_2)
DA:4,2
DA:5,2
DA:6,2
DA:7,2
DA:28,3
DA:29,3
DA:56,3
DA:57,3
DA:58,3
DA:59,3
DA:60,3
DA:61,3
DA:89,2
DA:90,2
DA:91,2
DA:94,2
DA:95,2
DA:96,2
DA:97,2
DA:98,2
LF:20
LH:20
BRDA:27,0,0,0
BRDA:28,1,0,3
BRDA:28,1,1,0
BRDA:29,2,0,3
BRDA:29,2,1,0
BRDA:56,3,0,3
BRDA:56,3,1,0
BRDA:60,4,0,3
BRDA:60,4,1,0
BRDA:61,5,0,3
BRDA:61,5,1,0
BRDA:89,6,0,2
BRDA:89,6,1,2
BRDA:94,7,0,2
BRDA:94,7,1,2
BRF:15
BRH:9
end_of_record
TN:
SF:src/banner/banner.resolver.ts
FN:30,(anonymous_4)
FN:42,(anonymous_5)
FN:66,(anonymous_6)
FN:89,(anonymous_7)
FNF:4
FNH:4
FNDA:10,(anonymous_4)
FNDA:5,(anonymous_5)
FNDA:2,(anonymous_6)
FNDA:5,(anonymous_7)
DA:1,1
DA:2,1
DA:3,1
DA:4,1
DA:5,1
DA:9,1
DA:10,1
DA:11,1
DA:17,1
DA:18,1
DA:23,1
DA:24,1
DA:25,1
DA:26,1
DA:29,1
DA:32,10
DA:33,10
DA:34,10
DA:36,10
DA:42,1
DA:45,5
DA:49,5
DA:50,1
DA:51,1
DA:56,4
DA:59,4
DA:60,1
DA:61,1
DA:65,3
DA:67,2
DA:70,3
DA:71,3
DA:72,2
DA:73,1
DA:75,1
DA:81,3
DA:89,1
DA:93,5
DA:98,5
DA:99,1
DA:100,1
DA:105,4
DA:109,4
DA:110,3
DA:114,3
DA:121,3
DA:123,0
DA:124,0
DA:128,0
DA:131,1
LF:50
LH:47
BRDA:47,0,0,1
BRDA:47,0,1,4
BRDA:47,1,0,5
BRDA:47,1,1,5
BRDA:49,2,0,1
BRDA:59,3,0,1
BRDA:72,4,0,1
BRDA:72,4,1,1
BRDA:95,5,0,1
BRDA:95,5,1,4
BRDA:95,6,0,5
BRDA:95,6,1,5
BRDA:96,7,0,1
BRDA:96,7,1,4
BRDA:96,8,0,5
BRDA:96,8,1,5
BRDA:98,9,0,1
BRDA:109,10,0,3
BRDA:114,11,0,3
BRDA:114,11,1,0
BRDA:115,12,0,3
BRDA:115,12,1,2
BRDA:115,12,2,1
BRDA:115,12,3,0
BRDA:115,12,4,0
BRDA:43,13,0,1
BRDA:43,13,1,0
BRDA:43,14,0,1
BRDA:43,14,1,1
BRDA:44,15,0,1
BRDA:44,15,1,0
BRDA:44,16,0,1
BRDA:44,16,1,1
BRDA:90,17,0,1
BRDA:90,17,1,0
BRDA:90,18,0,1
BRDA:90,18,1,1
BRDA:90,19,0,1
BRDA:90,19,1,0
BRDA:90,20,0,1
BRDA:90,20,1,1
BRDA:92,21,0,1
BRDA:92,21,1,0
BRDA:92,22,0,1
BRDA:92,22,1,1
BRDA:32,23,0,1
BRDA:32,23,1,0
BRDA:32,24,0,1
BRDA:32,24,1,1
BRDA:32,25,0,1
BRDA:32,25,1,0
BRDA:32,26,0,1
BRDA:32,26,1,1
BRDA:33,27,0,1
BRDA:33,27,1,0
BRDA:33,28,0,1
BRDA:33,28,1,1
BRF:57
BRH:46
end_of_record
TN:
SF:src/banner/banner.schema.ts
FNF:0
FNH:0
DA:1,1
DA:2,1
DA:4,1
LF:3
LH:3
BRF:0
BRH:0
end_of_record
TN:
SF:src/banner/banner.service.ts
FN:30,(anonymous_4)
FN:42,(anonymous_5)
FN:55,(anonymous_6)
FN:72,(anonymous_7)
FN:79,(anonymous_8)
FN:120,(anonymous_9)
FN:144,(anonymous_10)
FN:170,(anonymous_11)
FN:174,(anonymous_12)
FN:196,(anonymous_13)
FN:216,(anonymous_14)
FN:231,isWithinInterval
FN:244,(anonymous_16)
FNF:13
FNH:1
FNDA:0,(anonymous_4)
FNDA:0,(anonymous_5)
FNDA:0,(anonymous_6)
FNDA:0,(anonymous_7)
FNDA:0,(anonymous_8)
FNDA:0,(anonymous_9)
FNDA:0,(anonymous_10)
FNDA:0,(anonymous_11)
FNDA:0,(anonymous_12)
FNDA:0,(anonymous_13)
FNDA:0,(anonymous_14)
FNDA:0,isWithinInterval
FNDA:1,(anonymous_16)
DA:1,1
DA:2,1
DA:3,1
DA:7,1
DA:8,1
DA:9,1
DA:14,1
DA:19,1
DA:20,1
DA:21,1
DA:22,1
DA:23,1
DA:24,1
DA:27,1
DA:28,0
DA:32,0
DA:34,0
DA:36,0
DA:38,0
DA:47,0
DA:51,0
DA:56,0
DA:58,0
DA:59,0
DA:63,0
DA:65,0
DA:69,0
DA:79,0
DA:80,0
DA:85,0
DA:87,0
DA:88,0
DA:90,0
DA:91,0
DA:93,0
DA:94,0
DA:96,0
DA:97,0
DA:98,0
DA:99,0
DA:100,0
DA:102,0
DA:110,0
DA:112,0
DA:113,0
DA:116,0
DA:136,0
DA:141,0
DA:142,0
DA:145,0
DA:151,0
DA:152,0
DA:156,0
DA:158,0
DA:159,0
DA:160,0
DA:162,0
DA:163,0
DA:171,0
DA:172,0
DA:175,0
DA:181,0
DA:182,0
DA:186,0
DA:188,0
DA:189,0
DA:190,0
DA:192,0
DA:193,0
DA:194,0
DA:197,0
DA:203,0
DA:204,0
DA:208,0
DA:210,0
DA:217,0
DA:222,0
DA:224,0
DA:227,0
DA:238,0
DA:239,0
DA:240,0
DA:243,1
DA:245,1
LF:84
LH:16
BRDA:58,0,0,0
BRDA:80,1,0,0
BRDA:81,2,0,0
BRDA:81,2,1,0
BRDA:81,2,2,0
BRDA:87,3,0,0
BRDA:90,4,0,0
BRDA:90,5,0,0
BRDA:90,5,1,0
BRDA:93,6,0,0
BRDA:93,7,0,0
BRDA:93,7,1,0
BRDA:96,8,0,0
BRDA:96,8,1,0
BRDA:96,9,0,0
BRDA:96,9,1,0
BRDA:98,10,0,0
BRDA:99,11,0,0
BRDA:102,12,0,0
BRDA:103,13,0,0
BRDA:103,13,1,0
BRDA:112,14,0,0
BRDA:151,15,0,0
BRDA:158,16,0,0
BRDA:181,17,0,0
BRDA:188,18,0,0
BRDA:203,19,0,0
BRDA:217,20,0,0
BRDA:218,21,0,0
BRDA:218,21,1,0
BRDA:218,21,2,0
BRDA:32,22,0,1
BRDA:32,22,1,0
BRDA:32,23,0,1
BRDA:32,23,1,1
BRDA:32,24,0,1
BRDA:32,24,1,0
BRDA:32,25,0,1
BRDA:32,25,1,1
BRDA:34,26,0,1
BRDA:34,26,1,0
BRDA:34,27,0,1
BRDA:34,27,1,1
BRDA:244,28,0,1
BRF:44
BRH:10
end_of_record
TN:
SF:src/banner/banner.transporter.ts
FN:13,(anonymous_4)
FN:21,(anonymous_5)
FNF:2
FNH:2
FNDA:2,(anonymous_4)
FNDA:2,(anonymous_5)
DA:1,2
DA:3,2
DA:6,2
DA:7,2
DA:8,2
DA:9,2
DA:12,2
DA:15,2
DA:16,2
DA:18,2
DA:26,2
DA:30,2
DA:33,2
DA:34,1
DA:38,1
DA:40,1
LF:16
LH:16
BRDA:33,0,0,1
BRDA:15,1,0,2
BRDA:15,1,1,0
BRDA:15,2,0,2
BRDA:15,2,1,2
BRDA:15,3,0,2
BRDA:15,3,1,0
BRDA:15,4,0,2
BRDA:15,4,1,2
BRF:9
BRH:7
end_of_record
TN:
SF:src/banner/testing/banner.entity.fake.ts
FN:12,BannerEntityFake
FN:29,BannerDataFake
FN:41,BannerContentFake
FN:61,FilePropertiesFake
FN:73,BannerSettingsFake
FN:85,BannerMetadataFake
FNF:6
FNH:6
FNDA:3,BannerEntityFake
FNDA:3,BannerDataFake
FNDA:3,BannerContentFake
FNDA:3,FilePropertiesFake
FNDA:3,BannerSettingsFake
FNDA:3,BannerMetadataFake
DA:1,2
DA:10,2
DA:12,2
DA:15,3
DA:25,3
DA:26,3
DA:29,2
DA:32,3
DA:37,3
DA:38,3
DA:41,2
DA:44,3
DA:57,3
DA:58,3
DA:61,2
DA:64,3
DA:69,3
DA:70,3
DA:73,2
DA:76,3
DA:81,3
DA:82,3
DA:85,2
DA:88,3
DA:91,3
DA:92,3
LF:26
LH:26
BRDA:13,0,0,3
BRDA:30,1,0,3
BRDA:42,2,0,3
BRDA:62,3,0,3
BRDA:74,4,0,3
BRDA:86,5,0,3
BRF:6
BRH:6
end_of_record
TN:
SF:src/bull/wildr-bull.module.ts
FN:10,(anonymous_1)
FNF:1
FNH:0
FNDA:0,(anonymous_1)
DA:1,46
DA:2,46
DA:5,46
DA:11,0
DA:12,0
DA:19,0
DA:23,46
DA:30,46
DA:31,46
DA:33,46
DA:38,46
DA:43,46
DA:68,46
LF:13
LH:10
BRF:0
BRH:0
end_of_record
TN:
SF:src/challenge/challenge.service.ts
FN:126,(anonymous_10)
FN:151,(anonymous_11)
FN:163,(anonymous_12)
FN:170,(anonymous_13)
FN:193,(anonymous_14)
FN:199,(anonymous_15)
FN:207,(anonymous_16)
FN:215,(anonymous_17)
FN:226,(anonymous_18)
FN:233,(anonymous_19)
FN:244,(anonymous_20)
FN:266,(anonymous_21)
FN:360,(anonymous_22)
FN:381,(anonymous_23)
FN:406,(anonymous_24)
FN:420,(anonymous_25)
FN:425,(anonymous_26)
FN:438,(anonymous_27)
FN:443,(anonymous_28)
FN:477,(anonymous_29)
FN:504,(anonymous_30)
FN:525,(anonymous_31)
FN:561,(anonymous_32)
FN:705,(anonymous_33)
FN:726,(anonymous_34)
FN:759,(anonymous_35)
FN:800,(anonymous_36)
FN:864,(anonymous_37)
FN:888,(anonymous_38)
FN:903,(anonymous_39)
FN:914,(anonymous_40)
FN:936,(anonymous_41)
FN:956,(anonymous_42)
FN:1020,(anonymous_43)
FN:1037,(anonymous_44)
FN:1071,(anonymous_45)
FN:1083,(anonymous_46)
FN:1175,(anonymous_47)
FN:1196,(anonymous_48)
FN:1215,(anonymous_49)
FN:1216,(anonymous_50)
FN:1235,(anonymous_51)
FN:1268,(anonymous_52)
FN:1307,(anonymous_53)
FN:1313,(anonymous_54)
FN:1315,(anonymous_55)
FN:1319,(anonymous_56)
FN:1322,(anonymous_57)
FN:1327,(anonymous_58)
FN:1346,(anonymous_59)
FN:1356,(anonymous_60)
FN:1405,(anonymous_61)
FN:1444,(anonymous_62)
FN:1499,(anonymous_63)
FN:1537,(anonymous_64)
FN:1553,(anonymous_65)
FN:1578,(anonymous_66)
FN:1612,(anonymous_67)
FN:1633,(anonymous_68)
FN:1737,(anonymous_69)
FN:1755,(anonymous_70)
FN:1799,(anonymous_71)
FN:1833,(anonymous_72)
FN:1893,(anonymous_73)
FN:1999,(anonymous_74)
FNF:65
FNH:15
FNDA:18,(anonymous_10)
FNDA:6,(anonymous_11)
FNDA:0,(anonymous_12)
FNDA:0,(anonymous_13)
FNDA:0,(anonymous_14)
FNDA:0,(anonymous_15)
FNDA:0,(anonymous_16)
FNDA:0,(anonymous_17)
FNDA:0,(anonymous_18)
FNDA:0,(anonymous_19)
FNDA:0,(anonymous_20)
FNDA:0,(anonymous_21)
FNDA:3,(anonymous_22)
FNDA:0,(anonymous_23)
FNDA:0,(anonymous_24)
FNDA:0,(anonymous_25)
FNDA:0,(anonymous_26)
FNDA:0,(anonymous_27)
FNDA:0,(anonymous_28)
FNDA:0,(anonymous_29)
FNDA:0,(anonymous_30)
FNDA:0,(anonymous_31)
FNDA:0,(anonymous_32)
FNDA:0,(anonymous_33)
FNDA:0,(anonymous_34)
FNDA:0,(anonymous_35)
FNDA:0,(anonymous_36)
FNDA:0,(anonymous_37)
FNDA:0,(anonymous_38)
FNDA:0,(anonymous_39)
FNDA:0,(anonymous_40)
FNDA:0,(anonymous_41)
FNDA:0,(anonymous_42)
FNDA:0,(anonymous_43)
FNDA:0,(anonymous_44)
FNDA:0,(anonymous_45)
FNDA:0,(anonymous_46)
FNDA:0,(anonymous_47)
FNDA:5,(anonymous_48)
FNDA:4,(anonymous_49)
FNDA:4,(anonymous_50)
FNDA:1,(anonymous_51)
FNDA:8,(anonymous_52)
FNDA:4,(anonymous_53)
FNDA:3,(anonymous_54)
FNDA:3,(anonymous_55)
FNDA:3,(anonymous_56)
FNDA:3,(anonymous_57)
FNDA:4,(anonymous_58)
FNDA:6,(anonymous_59)
FNDA:0,(anonymous_60)
FNDA:0,(anonymous_61)
FNDA:0,(anonymous_62)
FNDA:0,(anonymous_63)
FNDA:0,(anonymous_64)
FNDA:0,(anonymous_65)
FNDA:0,(anonymous_66)
FNDA:0,(anonymous_67)
FNDA:0,(anonymous_68)
FNDA:0,(anonymous_69)
FNDA:0,(anonymous_70)
FNDA:0,(anonymous_71)
FNDA:0,(anonymous_72)
FNDA:0,(anonymous_73)
FNDA:0,(anonymous_74)
DA:1,14
DA:2,14
DA:9,14
DA:13,14
DA:24,14
DA:28,14
DA:29,14
DA:39,14
DA:43,14
DA:48,14
DA:49,14
DA:50,14
DA:52,14
DA:53,14
DA:54,14
DA:55,14
DA:60,14
DA:70,14
DA:71,14
DA:72,14
DA:78,14
DA:95,14
DA:96,14
DA:97,14
DA:98,14
DA:99,14
DA:100,14
DA:101,14
DA:102,14
DA:103,14
DA:104,14
DA:105,14
DA:106,14
DA:107,14
DA:114,14
DA:116,14
DA:117,14
DA:118,14
DA:120,14
DA:123,14
DA:128,18
DA:129,18
DA:130,18
DA:131,18
DA:132,18
DA:133,18
DA:134,18
DA:135,18
DA:136,18
DA:137,18
DA:138,18
DA:139,18
DA:140,18
DA:141,18
DA:142,18
DA:143,18
DA:145,18
DA:160,6
DA:164,0
DA:179,0
DA:180,0
DA:188,0
DA:189,0
DA:196,0
DA:200,0
DA:210,0
DA:219,0
DA:220,0
DA:223,0
DA:225,0
DA:227,0
DA:234,0
DA:248,0
DA:249,0
DA:253,0
DA:254,0
DA:255,0
DA:260,0
DA:279,0
DA:280,0
DA:284,0
DA:288,0
DA:293,0
DA:294,0
DA:296,0
DA:297,0
DA:299,0
DA:301,0
DA:307,0
DA:308,0
DA:309,0
DA:311,0
DA:314,0
DA:315,0
DA:316,0
DA:317,0
DA:318,0
DA:319,0
DA:325,0
DA:327,0
DA:330,0
DA:331,0
DA:337,0
DA:341,0
DA:342,0
DA:345,0
DA:347,0
DA:354,0
DA:357,0
DA:364,3
DA:365,1
DA:366,2
DA:367,1
DA:368,1
DA:371,0
DA:372,1
DA:376,1
DA:377,1
DA:381,0
DA:382,0
DA:383,0
DA:384,0
DA:385,0
DA:392,0
DA:393,0
DA:400,0
DA:412,0
DA:413,0
DA:420,0
DA:425,0
DA:429,0
DA:442,0
DA:443,0
DA:444,0
DA:445,0
DA:447,0
DA:448,0
DA:453,0
DA:458,0
DA:466,0
DA:467,0
DA:471,0
DA:484,0
DA:487,0
DA:488,0
DA:492,0
DA:494,0
DA:495,0
DA:496,0
DA:501,0
DA:507,0
DA:529,0
DA:530,0
DA:531,0
DA:535,0
DA:540,0
DA:541,0
DA:542,0
DA:543,0
DA:545,0
DA:555,0
DA:573,0
DA:575,0
DA:576,0
DA:577,0
DA:578,0
DA:579,0
DA:581,0
DA:584,0
DA:585,0
DA:586,0
DA:592,0
DA:593,0
DA:594,0
DA:605,0
DA:606,0
DA:607,0
DA:618,0
DA:619,0
DA:620,0
DA:621,0
DA:632,0
DA:636,0
DA:637,0
DA:638,0
DA:644,0
DA:645,0
DA:648,0
DA:649,0
DA:653,0
DA:654,0
DA:656,0
DA:657,0
DA:660,0
DA:661,0
DA:663,0
DA:666,0
DA:676,0
DA:680,0
DA:681,0
DA:682,0
DA:683,0
DA:685,0
DA:691,0
DA:692,0
DA:695,0
DA:703,0
DA:705,0
DA:706,0
DA:711,0
DA:722,0
DA:733,0
DA:734,0
DA:735,0
DA:739,0
DA:751,0
DA:752,0
DA:753,0
DA:755,0
DA:756,0
DA:767,0
DA:768,0
DA:769,0
DA:770,0
DA:771,0
DA:772,0
DA:777,0
DA:779,0
DA:781,0
DA:782,0
DA:783,0
DA:784,0
DA:785,0
DA:786,0
DA:788,0
DA:789,0
DA:790,0
DA:791,0
DA:796,0
DA:804,0
DA:805,0
DA:806,0
DA:807,0
DA:808,0
DA:809,0
DA:811,0
DA:812,0
DA:813,0
DA:817,0
DA:818,0
DA:822,0
DA:823,0
DA:828,0
DA:830,0
DA:831,0
DA:832,0
DA:839,0
DA:840,0
DA:841,0
DA:842,0
DA:843,0
DA:844,0
DA:846,0
DA:847,0
DA:848,0
DA:850,0
DA:851,0
DA:853,0
DA:854,0
DA:855,0
DA:865,0
DA:891,0
DA:892,0
DA:897,0
DA:903,14
DA:907,0
DA:918,0
DA:926,0
DA:927,0
DA:932,0
DA:941,0
DA:942,0
DA:948,0
DA:949,0
DA:950,0
DA:951,0
DA:953,0
DA:970,0
DA:975,0
DA:977,0
DA:978,0
DA:980,0
DA:981,0
DA:986,0
DA:987,0
DA:992,0
DA:997,0
DA:1000,0
DA:1004,0
DA:1007,0
DA:1009,0
DA:1012,0
DA:1014,0
DA:1015,0
DA:1016,0
DA:1018,0
DA:1021,0
DA:1026,0
DA:1027,0
DA:1031,0
DA:1033,0
DA:1038,0
DA:1043,0
DA:1044,0
DA:1048,0
DA:1050,0
DA:1062,0
DA:1078,0
DA:1079,0
DA:1084,0
DA:1085,0
DA:1087,0
DA:1089,0
DA:1090,0
DA:1092,0
DA:1093,0
DA:1094,0
DA:1095,0
DA:1096,0
DA:1102,0
DA:1103,0
DA:1107,0
DA:1110,0
DA:1111,0
DA:1112,0
DA:1116,0
DA:1117,0
DA:1118,0
DA:1122,0
DA:1123,0
DA:1124,0
DA:1126,0
DA:1127,0
DA:1128,0
DA:1132,0
DA:1133,0
DA:1135,0
DA:1136,0
DA:1138,0
DA:1139,0
DA:1141,0
DA:1142,0
DA:1143,0
DA:1144,0
DA:1147,0
DA:1163,0
DA:1178,0
DA:1179,0
DA:1180,0
DA:1183,0
DA:1185,0
DA:1188,0
DA:1189,0
DA:1196,14
DA:1203,5
DA:1207,5
DA:1208,1
DA:1214,4
DA:1216,4
DA:1217,4
DA:1218,4
DA:1219,4
DA:1220,4
DA:1236,1
DA:1237,0
DA:1240,4
DA:1241,0
DA:1248,4
DA:1252,4
DA:1256,0
DA:1266,4
DA:1268,8
DA:1270,4
DA:1287,4
DA:1288,4
DA:1290,4
DA:1298,4
DA:1304,4
DA:1310,4
DA:1311,4
DA:1313,3
DA:1315,1
DA:1316,3
DA:1319,1
DA:1320,3
DA:1322,3
DA:1327,14
DA:1335,4
DA:1336,4
DA:1337,4
DA:1338,12
DA:1339,12
DA:1340,12
DA:1343,4
DA:1346,6
DA:1367,0
DA:1369,0
DA:1370,0
DA:1371,0
DA:1376,0
DA:1377,0
DA:1378,0
DA:1379,0
DA:1380,0
DA:1381,0
DA:1382,0
DA:1383,0
DA:1384,0
DA:1386,0
DA:1387,0
DA:1389,0
DA:1392,0
DA:1394,0
DA:1395,0
DA:1396,0
DA:1397,0
DA:1399,0
DA:1400,0
DA:1404,0
DA:1405,0
DA:1408,0
DA:1411,0
DA:1423,0
DA:1455,0
DA:1457,0
DA:1458,0
DA:1459,0
DA:1464,0
DA:1465,0
DA:1466,0
DA:1467,0
DA:1468,0
DA:1469,0
DA:1470,0
DA:1471,0
DA:1472,0
DA:1474,0
DA:1475,0
DA:1477,0
DA:1478,0
DA:1480,0
DA:1483,0
DA:1485,0
DA:1486,0
DA:1487,0
DA:1488,0
DA:1490,0
DA:1491,0
DA:1493,0
DA:1494,0
DA:1498,0
DA:1499,0
DA:1502,0
DA:1505,0
DA:1517,0
DA:1548,0
DA:1549,0
DA:1554,0
DA:1555,0
DA:1556,0
DA:1558,0
DA:1559,0
DA:1563,0
DA:1564,0
DA:1565,0
DA:1566,0
DA:1567,0
DA:1568,0
DA:1569,0
DA:1570,0
DA:1571,0
DA:1573,0
DA:1576,0
DA:1577,0
DA:1578,0
DA:1581,0
DA:1584,0
DA:1596,0
DA:1597,0
DA:1631,0
DA:1632,0
DA:1634,0
DA:1635,0
DA:1636,0
DA:1637,0
DA:1638,0
DA:1645,0
DA:1649,0
DA:1656,0
DA:1665,0
DA:1666,0
DA:1667,0
DA:1668,0
DA:1669,0
DA:1670,0
DA:1674,0
DA:1676,0
DA:1677,0
DA:1688,0
DA:1689,0
DA:1691,0
DA:1698,0
DA:1706,0
DA:1707,0
DA:1708,0
DA:1709,0
DA:1712,0
DA:1713,0
DA:1720,0
DA:1722,0
DA:1754,0
DA:1755,0
DA:1756,0
DA:1757,0
DA:1758,0
DA:1759,0
DA:1760,0
DA:1768,0
DA:1772,0
DA:1780,0
DA:1786,0
DA:1790,0
DA:1798,0
DA:1799,0
DA:1800,0
DA:1802,0
DA:1814,0
DA:1815,0
DA:1816,0
DA:1819,0
DA:1852,0
DA:1853,0
DA:1854,0
DA:1865,0
DA:1866,0
DA:1871,0
DA:1878,0
DA:1906,0
DA:1908,0
DA:1909,0
DA:1910,0
DA:1913,0
DA:1915,0
DA:1925,0
DA:1926,0
DA:1938,0
DA:1939,0
DA:1952,0
DA:1955,0
DA:1959,0
DA:1963,0
DA:1964,0
DA:1966,0
DA:1967,0
DA:1969,0
DA:1970,0
DA:1972,0
DA:1973,0
DA:1975,0
DA:1980,0
DA:1981,0
DA:1983,0
DA:1985,0
DA:2011,0
DA:2013,0
DA:2019,0
DA:2020,0
DA:2031,0
DA:2032,0
DA:2034,0
DA:2037,0
DA:2039,0
DA:2063,14
DA:2068,14
DA:2073,14
DA:2078,14
DA:2083,14
LF:587
LH:111
BRDA:219,0,0,0
BRDA:253,1,0,0
BRDA:293,2,0,0
BRDA:296,3,0,0
BRDA:311,4,0,0
BRDA:311,4,1,0
BRDA:315,5,0,0
BRDA:330,6,0,0
BRDA:341,7,0,0
BRDA:342,8,0,0
BRDA:364,9,0,1
BRDA:366,10,0,1
BRDA:368,11,0,0
BRDA:376,12,0,1
BRDA:420,13,0,0
BRDA:420,13,1,0
BRDA:420,14,0,0
BRDA:420,14,1,0
BRDA:425,15,0,0
BRDA:425,15,1,0
BRDA:425,16,0,0
BRDA:425,16,1,0
BRDA:487,17,0,0
BRDA:492,18,0,0
BRDA:492,19,0,0
BRDA:492,19,1,0
BRDA:495,20,0,0
BRDA:510,21,0,0
BRDA:510,21,1,0
BRDA:516,22,0,0
BRDA:516,22,1,0
BRDA:540,23,0,0
BRDA:541,24,0,0
BRDA:556,25,0,0
BRDA:556,25,1,0
BRDA:556,26,0,0
BRDA:556,26,1,0
BRDA:584,27,0,0
BRDA:585,28,0,0
BRDA:585,28,1,0
BRDA:585,29,0,0
BRDA:585,29,1,0
BRDA:592,30,0,0
BRDA:593,31,0,0
BRDA:593,31,1,0
BRDA:593,32,0,0
BRDA:593,32,1,0
BRDA:605,33,0,0
BRDA:606,34,0,0
BRDA:606,34,1,0
BRDA:606,35,0,0
BRDA:606,35,1,0
BRDA:618,36,0,0
BRDA:618,37,0,0
BRDA:618,37,1,0
BRDA:619,38,0,0
BRDA:620,39,0,0
BRDA:620,39,1,0
BRDA:620,40,0,0
BRDA:620,40,1,0
BRDA:636,41,0,0
BRDA:636,42,0,0
BRDA:636,42,1,0
BRDA:636,43,0,0
BRDA:636,43,1,0
[...]
BRDA:31,3,1,40
BRF:8
BRH:5
end_of_record
TN:
SF:src/worker/notify-challenge-author-participant-join/notify-challenge-author-participant-join.producer.ts
FN:20,(anonymous_4)
FN:30,(anonymous_5)
FNF:2
FNH:0
FNDA:0,(anonymous_4)
FNDA:0,(anonymous_5)
DA:1,14
DA:2,14
DA:3,14
DA:4,14
DA:5,14
DA:6,14
DA:8,14
DA:10,14
DA:19,14
DA:22,0
DA:24,0
DA:26,0
DA:27,0
DA:31,0
LF:14
LH:9
BRDA:22,0,0,0
BRDA:22,0,1,14
BRDA:22,1,0,14
BRDA:22,1,1,0
BRDA:22,2,0,14
BRDA:22,2,1,0
BRDA:22,3,0,14
BRDA:22,3,1,14
BRF:8
BRH:5
end_of_record
TN:
SF:src/worker/notify-followers-about-posts/notifyFollowersAboutPosts.config.ts
FNF:0
FNH:0
DA:2,2
DA:4,2
DA:6,2
DA:9,2
LF:4
LH:4
BRF:0
BRH:0
end_of_record
TN:
SF:src/worker/notify-followers-about-posts/notifyFollowersAboutPosts.producer.ts
FN:15,(anonymous_4)
FN:25,(anonymous_5)
FNF:2
FNH:0
FNDA:0,(anonymous_4)
FNDA:0,(anonymous_5)
DA:1,2
DA:2,2
DA:3,2
DA:4,2
DA:5,2
DA:6,2
DA:7,2
DA:14,2
DA:17,0
DA:19,0
DA:21,0
DA:22,0
DA:26,0
LF:13
LH:8
BRDA:17,0,0,2
BRDA:17,0,1,0
BRDA:17,1,0,2
BRDA:17,1,1,2
BRDA:17,2,0,0
BRDA:17,2,1,2
BRDA:17,3,0,2
BRDA:17,3,1,0
BRF:8
BRH:5
end_of_record
TN:
SF:src/worker/notify-followers-challenge-creation/notify-followers-challenge-creation.config.ts
FNF:0
FNH:0
DA:2,14
DA:4,14
DA:6,14
DA:8,14
DA:11,14
LF:5
LH:5
BRF:0
BRH:0
end_of_record
TN:
SF:src/worker/notify-followers-challenge-creation/notify-followers-challenge-creation.producer.ts
FN:17,(anonymous_4)
FN:27,(anonymous_5)
FN:37,(anonymous_6)
FNF:3
FNH:0
FNDA:0,(anonymous_4)
FNDA:0,(anonymous_5)
FNDA:0,(anonymous_6)
DA:1,14
DA:2,14
DA:3,14
DA:4,14
DA:11,14
DA:12,14
DA:13,14
DA:16,14
DA:19,0
DA:21,0
DA:23,0
DA:24,0
DA:28,0
DA:44,0
LF:14
LH:8
BRDA:19,0,0,0
BRDA:19,0,1,14
BRDA:19,1,0,14
BRDA:19,1,1,0
BRDA:19,2,0,14
BRDA:19,2,1,0
BRDA:19,3,0,14
BRDA:19,3,1,14
BRF:8
BRH:5
end_of_record
TN:
SF:src/worker/notify-followers-challenge-creation/notify-followers-challenge-creation.service.ts
FN:17,(anonymous_5)
FN:27,(anonymous_6)
FN:76,(anonymous_7)
FN:87,(anonymous_8)
FN:95,(anonymous_9)
FN:102,(anonymous_10)
FNF:6
FNH:6
FNDA:8,(anonymous_5)
FNDA:6,(anonymous_6)
FNDA:12,(anonymous_7)
FNDA:2,(anonymous_8)
FNDA:4,(anonymous_9)
FNDA:4,(anonymous_10)
DA:1,1
DA:2,1
DA:3,1
DA:4,1
DA:5,1
DA:6,1
DA:7,1
DA:8,1
DA:9,1
DA:10,1
DA:11,1
DA:13,1
DA:16,1
DA:19,8
DA:20,8
DA:21,8
DA:22,8
DA:23,8
DA:24,8
DA:32,6
DA:33,6
DA:34,1
DA:38,1
DA:40,5
DA:46,5
DA:47,3
DA:51,3
DA:53,2
DA:54,0
DA:58,0
DA:60,2
DA:61,2
DA:62,4
DA:66,2
DA:67,2
DA:68,12
DA:75,2
DA:76,2
DA:77,12
DA:78,6
DA:94,2
DA:96,4
DA:102,2
DA:103,4
DA:104,2
LF:45
LH:43
BRDA:33,0,0,1
BRDA:46,1,0,3
BRDA:53,2,0,0
BRDA:53,3,0,2
BRDA:53,3,1,2
BRDA:77,4,0,6
BRDA:103,5,0,2
BRDA:19,6,0,1
BRDA:19,6,1,0
BRDA:19,7,0,1
BRDA:19,7,1,1
BRDA:19,8,0,1
BRDA:19,8,1,0
BRDA:19,9,0,1
BRDA:19,9,1,1
BRDA:20,10,0,1
BRDA:20,10,1,0
BRDA:20,11,0,1
BRDA:20,11,1,1
BRDA:21,12,0,1
BRDA:21,12,1,0
BRDA:21,13,0,1
BRDA:21,13,1,1
BRDA:22,14,0,1
BRDA:22,14,1,0
BRDA:22,15,0,1
BRDA:22,15,1,1
BRDA:23,16,0,1
BRDA:23,16,1,0
BRDA:23,17,0,1
BRDA:23,17,1,1
BRF:31
BRH:24
end_of_record
TN:
SF:src/worker/open-search-incremental-state/open-search-incremental-index-state.producer.ts
FN:29,(anonymous_4)
FN:39,(anonymous_5)
FN:43,(anonymous_6)
FNF:3
FNH:0
FNDA:0,(anonymous_4)
FNDA:0,(anonymous_5)
FNDA:0,(anonymous_6)
DA:1,48
DA:2,48
DA:3,48
DA:4,48
DA:5,48
DA:6,48
DA:10,48
DA:12,48
DA:14,48
DA:28,48
DA:31,0
DA:33,0
DA:35,0
DA:36,0
DA:40,0
DA:44,0
LF:16
LH:10
BRDA:31,0,0,0
BRDA:31,0,1,48
BRDA:31,1,0,48
BRDA:31,1,1,0
BRDA:31,2,0,48
BRDA:31,2,1,0
BRDA:31,3,0,48
BRDA:31,3,1,48
BRF:8
BRH:5
end_of_record
TN:
SF:src/worker/open-search-indexing/open-search-indexing.producer.ts
FN:25,(anonymous_4)
FN:35,(anonymous_5)
FNF:2
FNH:0
FNDA:0,(anonymous_4)
FNDA:0,(anonymous_5)
DA:1,2
DA:2,2
DA:3,2
DA:4,2
DA:5,2
DA:6,2
DA:13,2
DA:14,2
DA:24,2
DA:27,0
DA:29,0
DA:31,0
DA:32,0
DA:36,0
LF:14
LH:9
BRDA:27,0,0,0
BRDA:27,0,1,2
BRDA:27,1,0,2
BRDA:27,1,1,0
BRDA:27,2,0,2
BRDA:27,2,1,0
BRDA:27,3,0,2
BRDA:27,3,1,2
BRF:8
BRH:5
end_of_record
TN:
SF:src/worker/open-search-re-index-coordinator/open-search-re-index-coordinator.producer.ts
FN:29,(anonymous_4)
FN:39,(anonymous_5)
FNF:2
FNH:0
FNDA:0,(anonymous_4)
FNDA:0,(anonymous_5)
DA:1,3
DA:2,3
DA:9,3
DA:10,3
DA:11,3
DA:12,3
DA:13,3
DA:15,3
DA:16,3
DA:25,3
DA:28,3
DA:31,0
DA:33,0
DA:35,0
DA:36,0
DA:40,0
LF:16
LH:11
BRDA:42,0,0,0
BRDA:42,0,1,0
BRDA:42,1,0,0
BRDA:42,1,1,0
BRDA:31,2,0,0
BRDA:31,2,1,3
BRDA:31,3,0,3
BRDA:31,3,1,0
BRDA:31,4,0,3
BRDA:31,4,1,0
BRDA:31,5,0,3
BRDA:31,5,1,3
BRF:12
BRH:5
end_of_record
TN:
SF:src/worker/open-search-re-index-state/open-search-re-index-state.producer.ts
FN:31,(anonymous_4)
FN:41,(anonymous_5)
FN:45,(anonymous_6)
FNF:3
FNH:0
FNDA:0,(anonymous_4)
FNDA:0,(anonymous_5)
FNDA:0,(anonymous_6)
DA:1,11
DA:2,11
DA:3,11
DA:4,11
DA:5,11
DA:6,11
DA:11,11
DA:13,11
DA:15,11
DA:30,11
DA:33,0
DA:35,0
DA:37,0
DA:38,0
DA:42,0
DA:46,0
LF:16
LH:10
BRDA:33,0,0,0
BRDA:33,0,1,11
BRDA:33,1,0,11
BRDA:33,1,1,0
BRDA:33,2,0,11
BRDA:33,2,1,0
BRDA:33,3,0,11
BRDA:33,3,1,11
BRF:8
BRH:5
end_of_record
TN:
SF:src/worker/prepare-initial-feed/prepareInitialFeed.producer.ts
FN:10,(anonymous_4)
FN:19,(anonymous_5)
FNF:2
FNH:0
FNDA:0,(anonymous_4)
FNDA:0,(anonymous_5)
DA:1,40
DA:2,40
DA:3,40
DA:4,40
DA:5,40
DA:6,40
DA:9,40
DA:12,0
DA:14,0
DA:16,0
DA:20,0
LF:11
LH:7
BRDA:12,0,0,0
BRDA:12,0,1,40
BRDA:12,1,0,40
BRDA:12,1,1,0
BRDA:12,2,0,40
BRDA:12,2,1,0
BRDA:12,3,0,40
BRDA:12,3,1,40
BRF:8
BRH:5
end_of_record
TN:
SF:src/worker/report/report.producer.ts
FN:12,(anonymous_4)
FN:21,(anonymous_5)
FNF:2
FNH:0
FNDA:0,(anonymous_4)
FNDA:0,(anonymous_5)
DA:1,25
DA:2,25
DA:5,25
DA:6,25
DA:7,25
DA:8,25
DA:11,25
DA:14,0
DA:16,0
DA:18,0
DA:22,0
LF:11
LH:7
BRDA:14,0,0,0
BRDA:14,0,1,25
BRDA:14,1,0,25
BRDA:14,1,1,0
BRDA:14,2,0,25
BRDA:14,2,1,0
BRDA:14,3,0,25
BRDA:14,3,1,25
BRF:8
BRH:5
end_of_record
TN:
SF:src/worker/repost-parent-deleted/repostParentDeleted.producer.ts
FN:10,(anonymous_4)
FN:21,(anonymous_5)
FNF:2
FNH:0
FNDA:0,(anonymous_4)
FNDA:0,(anonymous_5)
DA:1,15
DA:2,15
DA:3,15
DA:4,15
DA:5,15
DA:6,15
DA:9,15
DA:12,0
DA:14,0
DA:16,0
DA:22,0
LF:11
LH:7
BRDA:12,0,0,0
BRDA:12,0,1,15
BRDA:12,1,0,15
BRDA:12,1,1,0
BRDA:12,2,0,15
BRDA:12,2,1,0
BRDA:12,3,0,15
BRDA:12,3,1,15
BRF:8
BRH:5
end_of_record
TN:
SF:src/worker/score-data/scoreData.producer.ts
FN:10,(anonymous_4)
FN:17,(anonymous_5)
FN:32,(anonymous_6)
FNF:3
FNH:1
FNDA:0,(anonymous_4)
FNDA:0,(anonymous_5)
FNDA:77,(anonymous_6)
DA:1,77
DA:2,77
DA:3,77
DA:4,77
DA:5,77
DA:6,77
DA:9,77
DA:12,0
DA:14,0
DA:18,0
DA:32,77
DA:33,77
DA:34,77
DA:35,77
DA:36,77
DA:37,77
DA:38,77
DA:39,77
DA:40,77
DA:41,77
DA:42,77
DA:43,77
DA:44,77
DA:45,77
DA:46,77
DA:47,77
DA:48,77
DA:49,77
LF:28
LH:25
BRDA:12,0,0,0
BRDA:12,0,1,77
BRDA:12,1,0,77
BRDA:12,1,1,0
BRDA:12,2,0,77
BRDA:12,2,1,0
BRDA:12,3,0,77
BRDA:12,3,1,77
BRDA:32,4,0,77
BRDA:32,4,1,77
BRF:10
BRH:7
end_of_record
TN:
SF:src/worker/template/template.producer.ts
FN:22,(anonymous_4)
FN:32,(anonymous_5)
FNF:2
FNH:0
FNDA:0,(anonymous_4)
FNDA:0,(anonymous_5)
DA:1,3
DA:2,3
DA:4,3
DA:8,3
DA:9,3
DA:11,3
DA:13,3
DA:14,3
DA:21,3
DA:24,0
DA:26,0
DA:28,0
DA:29,0
DA:35,0
LF:14
LH:9
BRDA:24,0,0,0
BRDA:24,0,1,3
BRDA:24,1,0,3
BRDA:24,1,1,0
BRDA:24,2,0,3
BRDA:24,2,1,0
BRDA:24,3,0,3
BRDA:24,3,1,3
BRF:8
BRH:5
end_of_record
TN:
SF:src/worker/testing/job.fake.ts
FN:3,(anonymous_0)
FNF:1
FNH:1
FNDA:65,(anonymous_0)
DA:3,65
LF:1
LH:1
BRF:0
BRH:0
end_of_record
TN:
SF:src/worker/timepoint-archiver/timepoint-archiver.consumer.ts
FN:18,(anonymous_4)
FN:27,(anonymous_5)
FN:36,(anonymous_6)
FN:50,(anonymous_7)
FNF:4
FNH:4
FNDA:6,(anonymous_4)
FNDA:2,(anonymous_5)
FNDA:2,(anonymous_6)
FNDA:2,(anonymous_7)
DA:1,1
DA:2,1
DA:3,1
DA:4,1
DA:12,1
DA:13,1
DA:14,1
DA:17,1
DA:20,6
DA:21,6
DA:23,6
DA:27,1
DA:29,2
DA:30,2
DA:31,1
DA:36,1
DA:39,2
DA:44,2
DA:45,1
DA:50,1
DA:51,2
DA:54,2
DA:55,1
LF:23
LH:23
BRDA:30,0,0,1
BRDA:44,1,0,1
BRDA:54,2,0,1
BRDA:37,3,0,1
BRDA:37,3,1,0
BRDA:37,4,0,1
BRDA:37,4,1,1
BRDA:50,5,0,1
BRDA:50,5,1,0
BRDA:50,6,0,1
BRDA:50,6,1,1
BRDA:20,7,0,1
BRDA:20,7,1,0
BRDA:20,8,0,1
BRDA:20,8,1,1
BRDA:20,9,0,1
BRDA:20,9,1,0
BRDA:20,10,0,1
BRDA:20,10,1,1
BRF:19
BRH:15
end_of_record
TN:
SF:src/worker/timepoint-archiver/timepoint-archiver.producer.ts
FN:25,(anonymous_4)
FN:35,(anonymous_5)
FN:39,(anonymous_6)
FN:47,(anonymous_7)
FNF:4
FNH:4
FNDA:3,(anonymous_4)
FNDA:1,(anonymous_5)
FNDA:1,(anonymous_6)
FNDA:1,(anonymous_7)
DA:1,4
DA:2,4
DA:3,4
DA:4,4
DA:5,4
DA:6,4
DA:8,4
DA:9,4
DA:11,4
DA:13,4
DA:24,4
DA:29,3
DA:31,3
DA:32,3
DA:36,1
DA:42,1
DA:48,1
LF:17
LH:17
BRDA:27,0,0,0
BRDA:27,0,1,4
BRDA:27,1,0,4
BRDA:27,1,1,0
BRDA:27,2,0,4
BRDA:27,2,1,0
BRDA:27,3,0,4
BRDA:27,3,1,4
BRF:8
BRH:5
end_of_record
TN:
SF:src/worker/timepoint-recipient-distribution/timepoint-recipient-distribution.consumer.ts
FN:33,(anonymous_4)
FN:43,(anonymous_5)
FN:53,(anonymous_6)
FN:64,(anonymous_7)
FN:73,(anonymous_8)
FN:85,(anonymous_9)
FN:103,(anonymous_10)
FNF:7
FNH:5
FNDA:13,(anonymous_4)
FNDA:0,(anonymous_5)
FNDA:0,(anonymous_6)
FNDA:2,(anonymous_7)
FNDA:2,(anonymous_8)
FNDA:3,(anonymous_9)
FNDA:6,(anonymous_10)
DA:1,1
DA:2,1
DA:3,1
DA:7,1
DA:14,1
DA:27,1
DA:28,1
DA:29,1
DA:32,1
DA:35,13
DA:36,13
DA:37,13
DA:39,13
DA:43,1
DA:44,0
DA:47,0
DA:48,0
DA:53,1
DA:54,0
DA:58,0
DA:59,0
DA:64,1
DA:66,2
DA:67,2
DA:68,1
DA:73,1
DA:75,2
DA:79,2
DA:80,1
DA:85,1
DA:86,3
DA:90,3
DA:91,2
DA:92,1
DA:96,1
DA:98,1
DA:103,1
DA:107,6
DA:110,6
DA:111,5
DA:116,3
DA:120,3
DA:122,2
DA:123,1
DA:127,1
DA:129,1
LF:46
LH:40
BRDA:47,0,0,0
BRDA:58,1,0,0
BRDA:67,2,0,1
BRDA:79,3,0,1
BRDA:90,4,0,2
BRDA:91,5,0,1
BRDA:110,6,0,5
BRDA:111,7,0,3
BRDA:112,8,0,5
BRDA:112,8,1,4
BRDA:112,8,2,3
BRDA:122,9,0,1
BRDA:43,10,0,1
BRDA:43,10,1,0
BRDA:43,11,0,1
BRDA:43,11,1,1
BRDA:53,12,0,1
BRDA:53,12,1,0
BRDA:53,13,0,1
BRDA:53,13,1,1
BRDA:73,14,0,1
BRDA:73,14,1,0
BRDA:73,15,0,1
BRDA:73,15,1,1
BRDA:85,16,0,1
BRDA:85,16,1,0
BRDA:85,17,0,1
BRDA:85,17,1,1
BRDA:104,18,0,1
BRDA:104,18,1,0
BRDA:104,19,0,1
BRDA:104,19,1,1
BRDA:35,20,0,1
BRDA:35,20,1,0
BRDA:35,21,0,1
BRDA:35,21,1,1
BRDA:35,22,0,1
BRDA:35,22,1,0
BRDA:35,23,0,1
BRDA:35,23,1,1
BRDA:36,24,0,1
BRDA:36,24,1,0
BRDA:36,25,0,1
BRDA:36,25,1,1
BRF:44
BRH:34
end_of_record
TN:
SF:src/worker/timepoint-recipient-distribution/timepoint-recipient-distribution.producer.ts
FN:59,(anonymous_4)
FN:69,(anonymous_5)
FN:75,(anonymous_6)
FN:85,(anonymous_7)
FN:89,(anonymous_8)
FN:102,(anonymous_9)
FN:112,(anonymous_10)
FNF:7
FNH:5
FNDA:4,(anonymous_4)
FNDA:0,(anonymous_5)
FNDA:0,(anonymous_6)
FNDA:1,(anonymous_7)
FNDA:1,(anonymous_8)
FNDA:1,(anonymous_9)
FNDA:1,(anonymous_10)
DA:1,42
DA:2,42
DA:3,42
DA:4,42
DA:5,42
DA:6,42
DA:9,42
DA:12,42
DA:15,42
DA:18,42
DA:21,42
DA:24,42
DA:27,42
DA:58,42
DA:61,4
DA:63,4
DA:65,4
DA:66,4
DA:70,0
DA:79,0
DA:86,1
DA:93,1
DA:106,1
DA:115,1
LF:24
LH:22
BRDA:61,0,0,0
BRDA:61,0,1,42
BRDA:61,1,0,42
BRDA:61,1,1,0
BRDA:61,2,0,42
BRDA:61,2,1,0
BRDA:61,3,0,42
BRDA:61,3,1,42
BRF:8
BRH:5
end_of_record
TN:
SF:src/worker/timepoint-scheduling/timepoint-scheduling.consumer.ts
FN:16,(anonymous_4)
FN:25,(anonymous_5)
FN:33,(anonymous_6)
FNF:3
FNH:3
FNDA:4,(anonymous_4)
FNDA:2,(anonymous_5)
FNDA:2,(anonymous_6)
DA:1,1
DA:2,1
DA:3,1
DA:4,1
DA:10,1
DA:11,1
DA:12,1
DA:15,1
DA:18,4
DA:19,4
DA:21,4
DA:25,1
DA:26,2
DA:27,2
DA:28,1
DA:33,1
DA:34,2
DA:35,2
DA:36,1
LF:19
LH:19
BRDA:27,0,0,1
BRDA:35,1,0,1
BRDA:25,2,0,1
BRDA:25,2,1,0
BRDA:25,3,0,1
BRDA:25,3,1,1
BRDA:33,4,0,1
BRDA:33,4,1,0
BRDA:33,5,0,1
BRDA:33,5,1,1
BRDA:18,6,0,1
BRDA:18,6,1,0
BRDA:18,7,0,1
BRDA:18,7,1,1
BRDA:18,8,0,1
BRDA:18,8,1,0
BRDA:18,9,0,1
BRDA:18,9,1,1
BRF:18
BRH:14
end_of_record
TN:
SF:src/worker/timepoint-scheduling/timepoint-scheduling.producer.ts
FN:27,(anonymous_4)
FN:37,(anonymous_5)
FN:41,(anonymous_6)
FNF:3
FNH:3
FNDA:2,(anonymous_4)
FNDA:1,(anonymous_5)
FNDA:1,(anonymous_6)
DA:1,27
DA:2,27
DA:4,27
DA:5,27
DA:6,27
DA:7,27
DA:9,27
DA:10,27
DA:11,27
DA:26,27
DA:29,2
DA:31,2
DA:33,2
DA:34,2
DA:38,1
DA:42,1
LF:16
LH:16
BRDA:29,0,0,0
BRDA:29,0,1,27
BRDA:29,1,0,27
BRDA:29,1,1,0
BRDA:29,2,0,27
BRDA:29,2,1,0
BRDA:29,3,0,27
BRDA:29,3,1,27
BRF:8
BRH:5
end_of_record
TN:
SF:src/worker/unfollow-event-cleaup/unfollowEventCleanup.producer.ts
FN:12,(anonymous_4)
FN:23,(anonymous_5)
FNF:2
FNH:0
FNDA:0,(anonymous_4)
FNDA:0,(anonymous_5)
DA:1,40
DA:2,40
DA:3,40
DA:4,40
DA:5,40
DA:6,40
DA:8,40
DA:9,40
DA:11,40
DA:15,0
DA:17,0
DA:18,0
DA:24,0
LF:13
LH:9
BRDA:13,0,0,0
BRDA:13,0,1,40
BRDA:13,1,0,40
BRDA:13,1,1,0
BRDA:13,2,0,40
BRDA:13,2,1,0
BRDA:13,3,0,40
BRDA:13,3,1,40
BRF:8
BRH:5
end_of_record
TN:
SF:src/worker/update-challenge-participants-data/updateChallengeParticipantsData.producer.ts
FN:15,(anonymous_4)
FN:26,(anonymous_5)
FN:31,(anonymous_6)
FNF:3
FNH:0
FNDA:0,(anonymous_4)
FNDA:0,(anonymous_5)
FNDA:0,(anonymous_6)
DA:1,14
DA:2,14
DA:3,14
DA:4,14
DA:5,14
DA:6,14
DA:8,14
DA:10,14
DA:12,14
DA:14,14
DA:17,0
DA:19,0
DA:21,0
DA:22,0
DA:27,0
DA:35,0
LF:16
LH:10
BRDA:17,0,0,0
BRDA:17,0,1,14
BRDA:17,1,0,14
BRDA:17,1,1,0
BRDA:17,2,0,14
BRDA:17,2,1,0
BRDA:17,3,0,14
BRDA:17,3,1,14
BRF:8
BRH:5
end_of_record
TN:
SF:src/worker/update-user-explore-feed/updateUserExploreFeed.consumer.ts
FN:50,(anonymous_5)
FN:63,(anonymous_6)
FN:96,(anonymous_7)
FN:106,(anonymous_8)
FN:133,(anonymous_9)
FN:140,(anonymous_10)
FN:141,(anonymous_11)
FN:144,(anonymous_12)
FN:197,(anonymous_13)
FN:225,(anonymous_14)
FN:304,(anonymous_15)
FN:321,(anonymous_16)
FN:322,(anonymous_17)
FN:347,(anonymous_18)
FN:363,(anonymous_19)
FN:366,(anonymous_20)
FN:366,(anonymous_21)
FN:367,(anonymous_22)
FN:374,(anonymous_23)
FNF:19
FNH:13
FNDA:10,(anonymous_5)
FNDA:2,(anonymous_6)
FNDA:0,(anonymous_7)
FNDA:1,(anonymous_8)
FNDA:5,(anonymous_9)
FNDA:5,(anonymous_10)
FNDA:0,(anonymous_11)
FNDA:0,(anonymous_12)
FNDA:0,(anonymous_13)
FNDA:9,(anonymous_14)
FNDA:5,(anonymous_15)
FNDA:0,(anonymous_16)
FNDA:0,(anonymous_17)
FNDA:2,(anonymous_18)
FNDA:30,(anonymous_19)
FNDA:15,(anonymous_20)
FNDA:105,(anonymous_21)
FNDA:5,(anonymous_22)
FNDA:120,(anonymous_23)
DA:1,1
DA:2,1
DA:3,1
DA:4,1
DA:5,1
DA:6,1
DA:18,1
DA:22,1
DA:23,1
DA:28,1
DA:29,1
DA:30,1
DA:31,1
DA:32,1
DA:33,1
DA:34,1
DA:36,1
DA:49,1
DA:52,10
DA:54,10
DA:56,10
DA:57,10
DA:59,10
DA:63,1
DA:67,2
DA:68,2
DA:69,2
DA:76,2
DA:77,0
DA:78,0
DA:80,2
DA:81,2
DA:82,2
DA:86,2
DA:87,1
DA:92,1
DA:93,0
DA:94,0
DA:96,2
DA:97,0
DA:98,0
DA:100,2
DA:102,2
DA:123,1
DA:128,1
DA:133,1
DA:134,5
DA:140,5
DA:141,0
DA:143,1
DA:145,0
DA:150,1
DA:151,0
DA:158,1
DA:159,0
DA:160,0
DA:163,0
DA:168,0
DA:173,1
DA:178,1
DA:198,0
DA:205,0
DA:206,0
DA:211,1
DA:238,9
DA:240,9
DA:244,9
DA:251,9
DA:254,9
DA:262,9
DA:263,9
DA:266,6
DA:267,6
DA:275,9
DA:277,9
DA:278,9
DA:279,12
DA:281,9
DA:288,9
DA:316,5
DA:317,5
DA:318,5
DA:320,0
DA:321,0
DA:322,0
DA:324,0
DA:330,0
DA:338,0
DA:340,0
DA:359,2
DA:360,2
DA:361,2
DA:362,2
DA:363,30
DA:365,1
DA:366,105
DA:368,5
DA:369,5
DA:370,5
DA:372,1
DA:373,1
DA:374,120
DA:375,15
DA:376,0
DA:377,15
DA:379,1
DA:381,1
LF:107
LH:83
BRDA:76,0,0,0
BRDA:86,1,0,1
BRDA:92,2,0,1
BRDA:96,3,0,0
BRDA:96,3,1,2
BRDA:96,4,0,2
BRDA:96,4,1,2
BRDA:102,5,0,0
BRDA:102,5,1,2
BRDA:102,6,0,2
BRDA:102,6,1,2
BRDA:150,7,0,0
BRDA:158,8,0,0
BRDA:173,9,0,1
BRDA:174,10,0,1
BRDA:174,10,1,1
BRDA:174,10,2,0
BRDA:188,11,0,1
BRDA:188,11,1,1
BRDA:188,11,2,1
BRDA:196,12,0,1
BRDA:196,12,1,0
BRDA:241,13,0,9
BRDA:241,13,1,3
BRDA:252,14,0,9
BRDA:252,14,1,3
BRDA:252,15,0,1
BRDA:252,15,1,8
BRDA:252,16,0,9
BRDA:252,16,1,9
BRDA:263,17,0,6
BRDA:316,18,0,5
BRDA:316,18,1,0
BRDA:316,19,0,5
BRDA:316,19,1,5
BRDA:317,20,0,5
BRDA:330,21,0,0
BRDA:331,22,0,0
BRDA:331,22,1,0
BRDA:375,23,0,0
BRDA:65,24,0,1
BRDA:65,24,1,0
BRDA:65,25,0,1
BRDA:65,25,1,1
BRDA:65,26,0,1
BRDA:65,26,1,0
BRDA:65,27,0,1
BRDA:65,27,1,1
BRDA:52,28,0,1
BRDA:52,28,1,0
BRDA:52,29,0,1
BRDA:52,29,1,1
BRDA:52,30,0,1
BRDA:52,30,1,0
BRDA:52,31,0,1
BRDA:52,31,1,1
BRDA:54,32,0,1
BRDA:54,32,1,0
BRDA:54,33,0,1
BRDA:54,33,1,1
BRDA:56,34,0,1
BRDA:56,34,1,0
BRDA:56,35,0,1
BRDA:56,35,1,1
BRF:64
BRH:46
end_of_record
TN:
SF:src/worker/update-user-explore-feed/updateUserExploreFeed.producer.ts
FN:14,(anonymous_4)
FN:24,(anonymous_5)
FNF:2
FNH:0
FNDA:0,(anonymous_4)
FNDA:0,(anonymous_5)
DA:1,1
DA:2,1
DA:3,1
DA:4,1
DA:5,1
DA:6,1
DA:8,1
DA:10,1
DA:13,1
DA:16,0
DA:18,0
DA:20,0
DA:21,0
DA:25,0
LF:14
LH:9
BRDA:16,0,0,0
BRDA:16,0,1,1
BRDA:16,1,0,1
BRDA:16,1,1,0
BRDA:16,2,0,1
BRDA:16,2,1,0
BRDA:16,3,0,1
BRDA:16,3,1,1
BRF:8
BRH:5
end_of_record
TN:
SF:src/worker/update-view-count/updateViewCount.producer.ts
FN:13,(anonymous_4)
FN:22,(anonymous_5)
FNF:2
FNH:0
FNDA:0,(anonymous_4)
FNDA:0,(anonymous_5)
DA:1,1
DA:2,1
DA:3,1
DA:4,1
DA:5,1
DA:6,1
DA:8,1
DA:9,1
DA:12,1
DA:15,0
DA:17,0
DA:19,0
DA:20,0
DA:23,0
LF:14
LH:9
BRDA:15,0,0,0
BRDA:15,0,1,1
BRDA:15,1,0,1
BRDA:15,1,1,0
BRDA:15,2,0,1
BRDA:15,2,1,0
BRDA:15,3,0,1
BRDA:15,3,1,1
BRF:8
BRH:5
end_of_record
TN:
SF:src/worker/user-stats-sync/user-stats-sync-worker.config.ts
FNF:0
FNH:0
DA:2,4
DA:6,4
DA:7,4
DA:8,4
LF:4
LH:4
BRF:0
BRH:0
end_of_record
TN:
SF:src/worker/user-stats-sync/user-stats-sync.consumer.ts
FN:16,(anonymous_4)
FN:27,(anonymous_5)
FNF:2
FNH:2
FNDA:2,(anonymous_4)
FNDA:2,(anonymous_5)
DA:1,1
DA:2,1
DA:3,1
DA:4,1
DA:5,1
DA:7,1
DA:8,1
DA:9,1
DA:10,1
DA:11,1
DA:12,1
DA:15,1
DA:18,2
DA:19,2
DA:20,2
DA:22,2
DA:27,1
DA:28,2
DA:31,2
DA:32,1
DA:36,1
LF:21
LH:21
BRDA:31,0,0,1
BRDA:27,1,0,1
BRDA:27,1,1,0
BRDA:27,2,0,1
BRDA:27,2,1,1
BRDA:18,3,0,1
BRDA:18,3,1,0
BRDA:18,4,0,1
BRDA:18,4,1,1
BRDA:18,5,0,1
BRDA:18,5,1,0
BRDA:18,6,0,1
BRDA:18,6,1,1
BRDA:19,7,0,1
BRDA:19,7,1,0
BRDA:19,8,0,1
BRDA:19,8,1,1
BRF:17
BRH:13
end_of_record
TN:
SF:src/worker/user-stats-sync/user-stats-sync.producer.ts
FN:17,(anonymous_4)
FN:27,(anonymous_5)
FNF:2
FNH:2
FNDA:3,(anonymous_4)
FNDA:3,(anonymous_5)
DA:1,4
DA:2,4
DA:3,4
DA:7,4
DA:8,4
DA:10,4
DA:11,4
DA:12,4
DA:16,4
DA:19,3
DA:21,3
DA:23,3
DA:24,3
DA:30,3
LF:14
LH:14
BRDA:19,0,0,0
BRDA:19,0,1,4
BRDA:19,1,0,4
BRDA:19,1,1,0
BRDA:19,2,0,4
BRDA:19,2,1,0
BRDA:19,3,0,4
BRDA:19,3,1,4
BRF:8
BRH:5
end_of_record
TN:
SF:src/worker/user-timezone-update/user-timezone-update.consumer.ts
FN:15,(anonymous_4)
FN:24,(anonymous_5)
FNF:2
FNH:2
FNDA:2,(anonymous_4)
FNDA:2,(anonymous_5)
DA:1,1
DA:2,1
DA:3,1
DA:4,1
DA:9,1
DA:10,1
DA:11,1
DA:14,1
DA:17,2
DA:18,2
DA:20,2
DA:24,1
DA:25,2
DA:26,2
DA:27,1
LF:15
LH:15
BRDA:26,0,0,1
BRDA:24,1,0,1
BRDA:24,1,1,0
BRDA:24,2,0,1
BRDA:24,2,1,1
BRDA:17,3,0,1
BRDA:17,3,1,0
BRDA:17,4,0,1
BRDA:17,4,1,1
BRDA:17,5,0,1
BRDA:17,5,1,0
BRDA:17,6,0,1
BRDA:17,6,1,1
BRF:13
BRH:10
end_of_record
TN:
SF:src/worker/user-timezone-update/user-timezone-update.producer.ts
FN:18,(anonymous_4)
FN:28,(anonymous_5)
FNF:2
FNH:2
FNDA:1,(anonymous_4)
FNDA:1,(anonymous_5)
DA:1,12
DA:2,12
DA:3,12
DA:4,12
DA:5,12
DA:6,12
DA:8,12
DA:9,12
DA:17,12
DA:20,1
DA:22,1
DA:24,1
DA:25,1
DA:29,1
LF:14
LH:14
BRDA:20,0,0,0
BRDA:20,0,1,12
BRDA:20,1,0,12
BRDA:20,1,1,0
BRDA:20,2,0,12
BRDA:20,2,1,0
BRDA:20,3,0,12
BRDA:20,3,1,12
BRF:8
BRH:5
end_of_record
TN:
SF:src/worker/workflow-manager/task-initializer/task-initializer.producer.ts
FN:26,(anonymous_4)
FN:36,(anonymous_5)
FNF:2
FNH:0
FNDA:0,(anonymous_4)
FNDA:0,(anonymous_5)
DA:1,1
DA:2,1
DA:4,1
DA:8,1
DA:9,1
DA:11,1
DA:13,1
DA:14,1
DA:25,1
DA:28,0
DA:30,0
DA:32,0
DA:33,0
DA:39,0
LF:14
LH:9
BRDA:28,0,0,0
BRDA:28,0,1,1
BRDA:28,1,0,1
BRDA:28,1,1,0
BRDA:28,2,0,1
BRDA:28,2,1,0
BRDA:28,3,0,1
BRDA:28,3,1,1
BRF:8
BRH:5
end_of_record
TN:
SF:src/worker/workflow-manager/workflow-manager/workflow-manager-completion.producer.ts
FN:28,(anonymous_4)
FN:38,(anonymous_5)
FNF:2
FNH:2
FNDA:6,(anonymous_4)
FNDA:2,(anonymous_5)
DA:1,3
DA:2,3
DA:6,3
DA:7,3
DA:9,3
DA:10,3
DA:13,3
DA:15,3
DA:27,3
DA:30,6
DA:32,6
DA:34,6
DA:35,6
DA:43,2
LF:14
LH:14
BRDA:30,0,0,0
BRDA:30,0,1,3
BRDA:30,1,0,3
BRDA:30,1,1,0
BRDA:30,2,0,3
BRDA:30,2,1,0
BRDA:30,3,0,3
BRDA:30,3,1,3
BRF:8
BRH:5
end_of_record
TN:
SF:src/worker/workflow-manager/workflow-manager/workflow-manager-failure.producer.ts
FN:28,(anonymous_4)
FN:38,(anonymous_5)
FNF:2
FNH:2
FNDA:6,(anonymous_4)
FNDA:2,(anonymous_5)
DA:1,3
DA:3,3
DA:7,3
DA:8,3
DA:10,3
DA:11,3
DA:13,3
DA:15,3
DA:27,3
DA:30,6
DA:32,6
DA:34,6
DA:35,6
DA:43,2
LF:14
LH:14
BRDA:30,0,0,0
BRDA:30,0,1,3
BRDA:30,1,0,3
BRDA:30,1,1,0
BRDA:30,2,0,3
BRDA:30,2,1,0
BRDA:30,3,0,3
BRDA:30,3,1,3
BRF:8
BRH:5
end_of_record
